{"F:\\kaikeba\\Test\\jest_webpack\\src\\js\\Test.js": {"path":"F:\\kaikeba\\Test\\jest_webpack\\src\\js\\Test.js","statementMap":{"0":{"start":{"line":3,"column":8},"end":{"line":5,"column":29}},"1":{"start":{"line":8,"column":8},"end":{"line":8,"column":24}},"2":{"start":{"line":11,"column":8},"end":{"line":11,"column":27}},"3":{"start":{"line":14,"column":8},"end":{"line":14,"column":25}}},"fnMap":{"0":{"name":"(anonymous_0)","decl":{"start":{"line":2,"column":4},"end":{"line":2,"column":5}},"loc":{"start":{"line":2,"column":17},"end":{"line":6,"column":5}},"line":2},"1":{"name":"(anonymous_1)","decl":{"start":{"line":7,"column":4},"end":{"line":7,"column":5}},"loc":{"start":{"line":7,"column":17},"end":{"line":9,"column":5}},"line":7},"2":{"name":"(anonymous_2)","decl":{"start":{"line":10,"column":4},"end":{"line":10,"column":5}},"loc":{"start":{"line":10,"column":16},"end":{"line":12,"column":5}},"line":10},"3":{"name":"(anonymous_3)","decl":{"start":{"line":13,"column":4},"end":{"line":13,"column":5}},"loc":{"start":{"line":13,"column":14},"end":{"line":15,"column":5}},"line":13}},"branchMap":{},"s":{"0":1,"1":1,"2":1,"3":1},"f":{"0":1,"1":1,"2":1,"3":1},"b":{},"_coverageSchema":"1a1c01bbd47fc00a2c39e90264f33305004495a9","hash":"db70bfd766e06d32e2b5a7c6289b55049e3897b6"}
,"F:\\kaikeba\\Test\\jest_webpack\\src\\js\\film_core.js": {"path":"F:\\kaikeba\\Test\\jest_webpack\\src\\js\\film_core.js","statementMap":{"0":{"start":{"line":6,"column":2},"end":{"line":6,"column":31}},"1":{"start":{"line":8,"column":2},"end":{"line":10,"column":11}},"2":{"start":{"line":13,"column":2},"end":{"line":34,"column":4}},"3":{"start":{"line":36,"column":2},"end":{"line":36,"column":25}},"4":{"start":{"line":37,"column":2},"end":{"line":37,"column":22}},"5":{"start":{"line":49,"column":13},"end":{"line":68,"column":3}},"6":{"start":{"line":70,"column":2},"end":{"line":70,"column":23}},"7":{"start":{"line":72,"column":2},"end":{"line":75,"column":5}},"8":{"start":{"line":79,"column":24},"end":{"line":86,"column":3}},"9":{"start":{"line":88,"column":24},"end":{"line":95,"column":3}},"10":{"start":{"line":96,"column":2},"end":{"line":96,"column":46}},"11":{"start":{"line":97,"column":2},"end":{"line":97,"column":31}},"12":{"start":{"line":99,"column":2},"end":{"line":99,"column":14}},"13":{"start":{"line":111,"column":2},"end":{"line":111,"column":33}},"14":{"start":{"line":113,"column":2},"end":{"line":115,"column":5}},"15":{"start":{"line":117,"column":2},"end":{"line":119,"column":5}},"16":{"start":{"line":129,"column":2},"end":{"line":129,"column":17}},"17":{"start":{"line":130,"column":2},"end":{"line":130,"column":69}},"18":{"start":{"line":131,"column":2},"end":{"line":133,"column":5}},"19":{"start":{"line":135,"column":2},"end":{"line":137,"column":5}},"20":{"start":{"line":150,"column":2},"end":{"line":180,"column":5}},"21":{"start":{"line":154,"column":3},"end":{"line":178,"column":6}},"22":{"start":{"line":156,"column":4},"end":{"line":176,"column":5}},"23":{"start":{"line":158,"column":5},"end":{"line":158,"column":24}},"24":{"start":{"line":159,"column":5},"end":{"line":163,"column":8}},"25":{"start":{"line":167,"column":5},"end":{"line":173,"column":6}},"26":{"start":{"line":168,"column":6},"end":{"line":168,"column":26}},"27":{"start":{"line":169,"column":6},"end":{"line":172,"column":9}},"28":{"start":{"line":175,"column":5},"end":{"line":175,"column":31}},"29":{"start":{"line":191,"column":2},"end":{"line":195,"column":3}},"30":{"start":{"line":191,"column":14},"end":{"line":191,"column":15}},"31":{"start":{"line":192,"column":3},"end":{"line":194,"column":4}},"32":{"start":{"line":193,"column":4},"end":{"line":193,"column":24}},"33":{"start":{"line":197,"column":2},"end":{"line":197,"column":15}},"34":{"start":{"line":207,"column":19},"end":{"line":207,"column":39}},"35":{"start":{"line":208,"column":2},"end":{"line":208,"column":60}},"36":{"start":{"line":219,"column":13},"end":{"line":219,"column":33}},"37":{"start":{"line":220,"column":2},"end":{"line":220,"column":29}},"38":{"start":{"line":231,"column":2},"end":{"line":231,"column":37}},"39":{"start":{"line":241,"column":2},"end":{"line":241,"column":53}},"40":{"start":{"line":242,"column":2},"end":{"line":245,"column":5}},"41":{"start":{"line":257,"column":13},"end":{"line":257,"column":33}},"42":{"start":{"line":259,"column":2},"end":{"line":281,"column":3}},"43":{"start":{"line":261,"column":22},"end":{"line":268,"column":4}},"44":{"start":{"line":269,"column":3},"end":{"line":269,"column":32}},"45":{"start":{"line":271,"column":3},"end":{"line":276,"column":6}},"46":{"start":{"line":278,"column":3},"end":{"line":278,"column":23}},"47":{"start":{"line":280,"column":3},"end":{"line":280,"column":16}},"48":{"start":{"line":287,"column":2},"end":{"line":290,"column":5}},"49":{"start":{"line":302,"column":2},"end":{"line":325,"column":5}},"50":{"start":{"line":304,"column":3},"end":{"line":323,"column":6}},"51":{"start":{"line":312,"column":4},"end":{"line":319,"column":5}},"52":{"start":{"line":313,"column":5},"end":{"line":313,"column":27}},"53":{"start":{"line":314,"column":5},"end":{"line":317,"column":6}},"54":{"start":{"line":315,"column":6},"end":{"line":315,"column":49}},"55":{"start":{"line":316,"column":6},"end":{"line":316,"column":52}},"56":{"start":{"line":318,"column":5},"end":{"line":318,"column":19}},"57":{"start":{"line":322,"column":4},"end":{"line":322,"column":15}},"58":{"start":{"line":338,"column":2},"end":{"line":347,"column":5}},"59":{"start":{"line":339,"column":3},"end":{"line":339,"column":22}},"60":{"start":{"line":340,"column":3},"end":{"line":340,"column":36}},"61":{"start":{"line":341,"column":3},"end":{"line":346,"column":5}},"62":{"start":{"line":342,"column":4},"end":{"line":342,"column":32}},"63":{"start":{"line":343,"column":4},"end":{"line":345,"column":5}},"64":{"start":{"line":344,"column":5},"end":{"line":344,"column":52}},"65":{"start":{"line":348,"column":2},"end":{"line":348,"column":14}},"66":{"start":{"line":360,"column":2},"end":{"line":360,"column":20}},"67":{"start":{"line":361,"column":2},"end":{"line":361,"column":29}},"68":{"start":{"line":362,"column":2},"end":{"line":397,"column":5}},"69":{"start":{"line":364,"column":15},"end":{"line":368,"column":5}},"70":{"start":{"line":370,"column":3},"end":{"line":395,"column":6}},"71":{"start":{"line":378,"column":4},"end":{"line":393,"column":12}},"72":{"start":{"line":380,"column":5},"end":{"line":391,"column":9}},"73":{"start":{"line":382,"column":6},"end":{"line":382,"column":28}},"74":{"start":{"line":383,"column":6},"end":{"line":389,"column":7}},"75":{"start":{"line":384,"column":7},"end":{"line":384,"column":53}},"76":{"start":{"line":385,"column":7},"end":{"line":387,"column":15}},"77":{"start":{"line":386,"column":8},"end":{"line":386,"column":91}},"78":{"start":{"line":388,"column":7},"end":{"line":388,"column":21}},"79":{"start":{"line":408,"column":21},"end":{"line":408,"column":23}},"80":{"start":{"line":409,"column":21},"end":{"line":409,"column":23}},"81":{"start":{"line":410,"column":2},"end":{"line":420,"column":5}},"82":{"start":{"line":411,"column":3},"end":{"line":411,"column":39}},"83":{"start":{"line":412,"column":3},"end":{"line":419,"column":6}},"84":{"start":{"line":421,"column":2},"end":{"line":426,"column":4}},"85":{"start":{"line":437,"column":2},"end":{"line":439,"column":3}},"86":{"start":{"line":438,"column":3},"end":{"line":438,"column":10}},"87":{"start":{"line":441,"column":2},"end":{"line":441,"column":29}},"88":{"start":{"line":443,"column":16},"end":{"line":443,"column":67}},"89":{"start":{"line":444,"column":17},"end":{"line":444,"column":52}},"90":{"start":{"line":446,"column":2},"end":{"line":463,"column":3}},"91":{"start":{"line":447,"column":3},"end":{"line":460,"column":6}},"92":{"start":{"line":448,"column":4},"end":{"line":459,"column":5}},"93":{"start":{"line":451,"column":5},"end":{"line":455,"column":8}},"94":{"start":{"line":452,"column":6},"end":{"line":454,"column":15}},"95":{"start":{"line":453,"column":7},"end":{"line":453,"column":12}},"96":{"start":{"line":458,"column":5},"end":{"line":458,"column":10}},"97":{"start":{"line":462,"column":3},"end":{"line":462,"column":8}},"98":{"start":{"line":474,"column":16},"end":{"line":474,"column":21}},"99":{"start":{"line":475,"column":2},"end":{"line":479,"column":4}},"100":{"start":{"line":476,"column":3},"end":{"line":478,"column":4}},"101":{"start":{"line":477,"column":4},"end":{"line":477,"column":19}},"102":{"start":{"line":480,"column":2},"end":{"line":480,"column":17}},"103":{"start":{"line":491,"column":24},"end":{"line":497,"column":3}},"104":{"start":{"line":492,"column":24},"end":{"line":492,"column":44}},"105":{"start":{"line":493,"column":20},"end":{"line":493,"column":62}},"106":{"start":{"line":494,"column":3},"end":{"line":494,"column":61}},"107":{"start":{"line":495,"column":3},"end":{"line":495,"column":71}},"108":{"start":{"line":496,"column":3},"end":{"line":496,"column":42}},"109":{"start":{"line":499,"column":2},"end":{"line":499,"column":20}},"110":{"start":{"line":502,"column":2},"end":{"line":502,"column":46}},"111":{"start":{"line":503,"column":2},"end":{"line":507,"column":19}},"112":{"start":{"line":504,"column":3},"end":{"line":506,"column":10}},"113":{"start":{"line":505,"column":4},"end":{"line":505,"column":22}},"114":{"start":{"line":518,"column":15},"end":{"line":518,"column":45}},"115":{"start":{"line":519,"column":2},"end":{"line":519,"column":54}},"116":{"start":{"line":521,"column":2},"end":{"line":521,"column":25}},"117":{"start":{"line":523,"column":2},"end":{"line":599,"column":3}},"118":{"start":{"line":525,"column":12},"end":{"line":533,"column":4}},"119":{"start":{"line":526,"column":4},"end":{"line":532,"column":7}},"120":{"start":{"line":527,"column":5},"end":{"line":531,"column":6}},"121":{"start":{"line":528,"column":6},"end":{"line":530,"column":9}},"122":{"start":{"line":529,"column":7},"end":{"line":529,"column":17}},"123":{"start":{"line":535,"column":11},"end":{"line":535,"column":13}},"124":{"start":{"line":536,"column":3},"end":{"line":536,"column":56}},"125":{"start":{"line":537,"column":3},"end":{"line":596,"column":18}},"126":{"start":{"line":539,"column":4},"end":{"line":539,"column":34}},"127":{"start":{"line":540,"column":4},"end":{"line":594,"column":11}},"128":{"start":{"line":542,"column":5},"end":{"line":592,"column":6}},"129":{"start":{"line":544,"column":7},"end":{"line":554,"column":10}},"130":{"start":{"line":545,"column":8},"end":{"line":545,"column":41}},"131":{"start":{"line":546,"column":8},"end":{"line":546,"column":41}},"132":{"start":{"line":547,"column":8},"end":{"line":547,"column":37}},"133":{"start":{"line":548,"column":8},"end":{"line":548,"column":37}},"134":{"start":{"line":549,"column":8},"end":{"line":549,"column":38}},"135":{"start":{"line":550,"column":8},"end":{"line":550,"column":36}},"136":{"start":{"line":551,"column":8},"end":{"line":551,"column":110}},"137":{"start":{"line":552,"column":8},"end":{"line":552,"column":108}},"138":{"start":{"line":553,"column":8},"end":{"line":553,"column":29}},"139":{"start":{"line":555,"column":7},"end":{"line":555,"column":13}},"140":{"start":{"line":557,"column":7},"end":{"line":560,"column":10}},"141":{"start":{"line":558,"column":8},"end":{"line":558,"column":92}},"142":{"start":{"line":559,"column":8},"end":{"line":559,"column":90}},"143":{"start":{"line":561,"column":7},"end":{"line":561,"column":13}},"144":{"start":{"line":563,"column":7},"end":{"line":566,"column":10}},"145":{"start":{"line":564,"column":8},"end":{"line":564,"column":86}},"146":{"start":{"line":565,"column":8},"end":{"line":565,"column":86}},"147":{"start":{"line":567,"column":7},"end":{"line":567,"column":13}},"148":{"start":{"line":569,"column":7},"end":{"line":572,"column":10}},"149":{"start":{"line":570,"column":8},"end":{"line":570,"column":70}},"150":{"start":{"line":571,"column":8},"end":{"line":571,"column":62}},"151":{"start":{"line":573,"column":7},"end":{"line":573,"column":13}},"152":{"start":{"line":575,"column":7},"end":{"line":577,"column":10}},"153":{"start":{"line":576,"column":8},"end":{"line":576,"column":46}},"154":{"start":{"line":578,"column":7},"end":{"line":578,"column":13}},"155":{"start":{"line":580,"column":7},"end":{"line":586,"column":10}},"156":{"start":{"line":581,"column":8},"end":{"line":585,"column":9}},"157":{"start":{"line":582,"column":9},"end":{"line":582,"column":54}},"158":{"start":{"line":584,"column":9},"end":{"line":584,"column":54}},"159":{"start":{"line":587,"column":7},"end":{"line":587,"column":13}},"160":{"start":{"line":589,"column":7},"end":{"line":591,"column":10}},"161":{"start":{"line":590,"column":8},"end":{"line":590,"column":55}},"162":{"start":{"line":598,"column":3},"end":{"line":598,"column":56}},"163":{"start":{"line":609,"column":2},"end":{"line":609,"column":82}},"164":{"start":{"line":620,"column":15},"end":{"line":620,"column":45}},"165":{"start":{"line":621,"column":2},"end":{"line":623,"column":3}},"166":{"start":{"line":622,"column":3},"end":{"line":622,"column":16}},"167":{"start":{"line":625,"column":17},"end":{"line":625,"column":39}},"168":{"start":{"line":626,"column":20},"end":{"line":626,"column":38}},"169":{"start":{"line":627,"column":17},"end":{"line":627,"column":37}},"170":{"start":{"line":629,"column":2},"end":{"line":631,"column":3}},"171":{"start":{"line":630,"column":3},"end":{"line":630,"column":16}},"172":{"start":{"line":633,"column":16},"end":{"line":633,"column":18}},"173":{"start":{"line":634,"column":2},"end":{"line":645,"column":5}},"174":{"start":{"line":636,"column":3},"end":{"line":643,"column":6}},"175":{"start":{"line":647,"column":2},"end":{"line":647,"column":26}}},"fnMap":{"0":{"name":"(anonymous_0)","decl":{"start":{"line":4,"column":1},"end":{"line":4,"column":2}},"loc":{"start":{"line":4,"column":19},"end":{"line":39,"column":2}},"line":4},"1":{"name":"(anonymous_1)","decl":{"start":{"line":48,"column":1},"end":{"line":48,"column":2}},"loc":{"start":{"line":48,"column":19},"end":{"line":101,"column":2}},"line":48},"2":{"name":"(anonymous_2)","decl":{"start":{"line":109,"column":1},"end":{"line":109,"column":2}},"loc":{"start":{"line":109,"column":22},"end":{"line":120,"column":2}},"line":109},"3":{"name":"(anonymous_3)","decl":{"start":{"line":127,"column":1},"end":{"line":127,"column":2}},"loc":{"start":{"line":127,"column":16},"end":{"line":138,"column":2}},"line":127},"4":{"name":"(anonymous_4)","decl":{"start":{"line":148,"column":1},"end":{"line":148,"column":2}},"loc":{"start":{"line":148,"column":25},"end":{"line":182,"column":2}},"line":148},"5":{"name":"(anonymous_5)","decl":{"start":{"line":150,"column":21},"end":{"line":150,"column":22}},"loc":{"start":{"line":150,"column":42},"end":{"line":180,"column":3}},"line":150},"6":{"name":"(anonymous_6)","decl":{"start":{"line":154,"column":21},"end":{"line":154,"column":22}},"loc":{"start":{"line":154,"column":38},"end":{"line":178,"column":4}},"line":154},"7":{"name":"(anonymous_7)","decl":{"start":{"line":190,"column":1},"end":{"line":190,"column":2}},"loc":{"start":{"line":190,"column":16},"end":{"line":198,"column":2}},"line":190},"8":{"name":"(anonymous_8)","decl":{"start":{"line":206,"column":1},"end":{"line":206,"column":2}},"loc":{"start":{"line":206,"column":21},"end":{"line":209,"column":2}},"line":206},"9":{"name":"(anonymous_9)","decl":{"start":{"line":218,"column":1},"end":{"line":218,"column":2}},"loc":{"start":{"line":218,"column":19},"end":{"line":221,"column":2}},"line":218},"10":{"name":"(anonymous_10)","decl":{"start":{"line":230,"column":1},"end":{"line":230,"column":2}},"loc":{"start":{"line":230,"column":23},"end":{"line":232,"column":2}},"line":230},"11":{"name":"(anonymous_11)","decl":{"start":{"line":240,"column":1},"end":{"line":240,"column":2}},"loc":{"start":{"line":240,"column":28},"end":{"line":246,"column":2}},"line":240},"12":{"name":"(anonymous_12)","decl":{"start":{"line":255,"column":1},"end":{"line":255,"column":2}},"loc":{"start":{"line":255,"column":146},"end":{"line":283,"column":2}},"line":255},"13":{"name":"(anonymous_13)","decl":{"start":{"line":285,"column":1},"end":{"line":285,"column":2}},"loc":{"start":{"line":285,"column":37},"end":{"line":291,"column":2}},"line":285},"14":{"name":"(anonymous_14)","decl":{"start":{"line":299,"column":1},"end":{"line":299,"column":2}},"loc":{"start":{"line":299,"column":14},"end":{"line":327,"column":2}},"line":299},"15":{"name":"(anonymous_15)","decl":{"start":{"line":302,"column":21},"end":{"line":302,"column":22}},"loc":{"start":{"line":302,"column":42},"end":{"line":325,"column":3}},"line":302},"16":{"name":"(anonymous_16)","decl":{"start":{"line":310,"column":11},"end":{"line":310,"column":12}},"loc":{"start":{"line":310,"column":19},"end":{"line":321,"column":4}},"line":310},"17":{"name":"(anonymous_17)","decl":{"start":{"line":321,"column":12},"end":{"line":321,"column":13}},"loc":{"start":{"line":321,"column":17},"end":{"line":323,"column":4}},"line":321},"18":{"name":"(anonymous_18)","decl":{"start":{"line":336,"column":1},"end":{"line":336,"column":2}},"loc":{"start":{"line":336,"column":22},"end":{"line":349,"column":2}},"line":336},"19":{"name":"(anonymous_19)","decl":{"start":{"line":338,"column":23},"end":{"line":338,"column":24}},"loc":{"start":{"line":338,"column":29},"end":{"line":347,"column":3}},"line":338},"20":{"name":"(anonymous_20)","decl":{"start":{"line":341,"column":21},"end":{"line":341,"column":22}},"loc":{"start":{"line":341,"column":28},"end":{"line":346,"column":4}},"line":341},"21":{"name":"(anonymous_21)","decl":{"start":{"line":358,"column":1},"end":{"line":358,"column":2}},"loc":{"start":{"line":358,"column":15},"end":{"line":398,"column":2}},"line":358},"22":{"name":"(anonymous_22)","decl":{"start":{"line":362,"column":21},"end":{"line":362,"column":22}},"loc":{"start":{"line":362,"column":42},"end":{"line":397,"column":3}},"line":362},"23":{"name":"(anonymous_23)","decl":{"start":{"line":376,"column":11},"end":{"line":376,"column":12}},"loc":{"start":{"line":376,"column":19},"end":{"line":395,"column":4}},"line":376},"24":{"name":"(anonymous_24)","decl":{"start":{"line":378,"column":15},"end":{"line":378,"column":16}},"loc":{"start":{"line":378,"column":21},"end":{"line":393,"column":5}},"line":378},"25":{"name":"(anonymous_25)","decl":{"start":{"line":380,"column":29},"end":{"line":380,"column":30}},"loc":{"start":{"line":380,"column":33},"end":{"line":391,"column":6}},"line":380},"26":{"name":"(anonymous_26)","decl":{"start":{"line":385,"column":18},"end":{"line":385,"column":19}},"loc":{"start":{"line":385,"column":24},"end":{"line":387,"column":8}},"line":385},"27":{"name":"(anonymous_27)","decl":{"start":{"line":407,"column":1},"end":{"line":407,"column":2}},"loc":{"start":{"line":407,"column":31},"end":{"line":427,"column":2}},"line":407},"28":{"name":"(anonymous_28)","decl":{"start":{"line":410,"column":24},"end":{"line":410,"column":25}},"loc":{"start":{"line":410,"column":36},"end":{"line":420,"column":3}},"line":410},"29":{"name":"(anonymous_29)","decl":{"start":{"line":435,"column":1},"end":{"line":435,"column":2}},"loc":{"start":{"line":435,"column":15},"end":{"line":465,"column":2}},"line":435},"30":{"name":"(anonymous_30)","decl":{"start":{"line":447,"column":72},"end":{"line":447,"column":73}},"loc":{"start":{"line":447,"column":82},"end":{"line":460,"column":4}},"line":447},"31":{"name":"(anonymous_31)","decl":{"start":{"line":451,"column":27},"end":{"line":451,"column":28}},"loc":{"start":{"line":451,"column":31},"end":{"line":455,"column":6}},"line":451},"32":{"name":"(anonymous_32)","decl":{"start":{"line":452,"column":17},"end":{"line":452,"column":18}},"loc":{"start":{"line":452,"column":23},"end":{"line":454,"column":7}},"line":452},"33":{"name":"(anonymous_33)","decl":{"start":{"line":473,"column":1},"end":{"line":473,"column":2}},"loc":{"start":{"line":473,"column":10},"end":{"line":481,"column":2}},"line":473},"34":{"name":"(anonymous_34)","decl":{"start":{"line":475,"column":20},"end":{"line":475,"column":21}},"loc":{"start":{"line":475,"column":26},"end":{"line":479,"column":3}},"line":475},"35":{"name":"(anonymous_35)","decl":{"start":{"line":488,"column":1},"end":{"line":488,"column":2}},"loc":{"start":{"line":488,"column":24},"end":{"line":508,"column":2}},"line":488},"36":{"name":"(anonymous_36)","decl":{"start":{"line":491,"column":24},"end":{"line":491,"column":25}},"loc":{"start":{"line":491,"column":30},"end":{"line":497,"column":3}},"line":491},"37":{"name":"(anonymous_37)","decl":{"start":{"line":503,"column":31},"end":{"line":503,"column":32}},"loc":{"start":{"line":503,"column":36},"end":{"line":507,"column":3}},"line":503},"38":{"name":"(anonymous_38)","decl":{"start":{"line":504,"column":14},"end":{"line":504,"column":15}},"loc":{"start":{"line":504,"column":20},"end":{"line":506,"column":4}},"line":504},"39":{"name":"(anonymous_39)","decl":{"start":{"line":516,"column":1},"end":{"line":516,"column":2}},"loc":{"start":{"line":516,"column":28},"end":{"line":600,"column":2}},"line":516},"40":{"name":"(anonymous_40)","decl":{"start":{"line":525,"column":12},"end":{"line":525,"column":13}},"loc":{"start":{"line":525,"column":20},"end":{"line":533,"column":4}},"line":525},"41":{"name":"(anonymous_41)","decl":{"start":{"line":526,"column":22},"end":{"line":526,"column":23}},"loc":{"start":{"line":526,"column":32},"end":{"line":532,"column":5}},"line":526},"42":{"name":"(anonymous_42)","decl":{"start":{"line":528,"column":29},"end":{"line":528,"column":30}},"loc":{"start":{"line":528,"column":38},"end":{"line":530,"column":7}},"line":528},"43":{"name":"(anonymous_43)","decl":{"start":{"line":537,"column":43},"end":{"line":537,"column":44}},"loc":{"start":{"line":537,"column":58},"end":{"line":596,"column":4}},"line":537},"44":{"name":"(anonymous_44)","decl":{"start":{"line":540,"column":34},"end":{"line":540,"column":35}},"loc":{"start":{"line":540,"column":40},"end":{"line":594,"column":5}},"line":540},"45":{"name":"(anonymous_45)","decl":{"start":{"line":544,"column":10},"end":{"line":544,"column":11}},"loc":{"start":{"line":544,"column":19},"end":{"line":554,"column":8}},"line":544},"46":{"name":"(anonymous_46)","decl":{"start":{"line":557,"column":10},"end":{"line":557,"column":11}},"loc":{"start":{"line":557,"column":19},"end":{"line":560,"column":8}},"line":557},"47":{"name":"(anonymous_47)","decl":{"start":{"line":563,"column":10},"end":{"line":563,"column":11}},"loc":{"start":{"line":563,"column":19},"end":{"line":566,"column":8}},"line":563},"48":{"name":"(anonymous_48)","decl":{"start":{"line":569,"column":10},"end":{"line":569,"column":11}},"loc":{"start":{"line":569,"column":19},"end":{"line":572,"column":8}},"line":569},"49":{"name":"(anonymous_49)","decl":{"start":{"line":575,"column":10},"end":{"line":575,"column":11}},"loc":{"start":{"line":575,"column":19},"end":{"line":577,"column":8}},"line":575},"50":{"name":"(anonymous_50)","decl":{"start":{"line":580,"column":10},"end":{"line":580,"column":11}},"loc":{"start":{"line":580,"column":19},"end":{"line":586,"column":8}},"line":580},"51":{"name":"(anonymous_51)","decl":{"start":{"line":589,"column":10},"end":{"line":589,"column":11}},"loc":{"start":{"line":589,"column":19},"end":{"line":591,"column":8}},"line":589},"52":{"name":"(anonymous_52)","decl":{"start":{"line":608,"column":1},"end":{"line":608,"column":2}},"loc":{"start":{"line":608,"column":38},"end":{"line":610,"column":2}},"line":608},"53":{"name":"(anonymous_53)","decl":{"start":{"line":618,"column":1},"end":{"line":618,"column":2}},"loc":{"start":{"line":618,"column":22},"end":{"line":649,"column":2}},"line":618},"54":{"name":"(anonymous_54)","decl":{"start":{"line":634,"column":19},"end":{"line":634,"column":20}},"loc":{"start":{"line":634,"column":35},"end":{"line":645,"column":3}},"line":634}},"branchMap":{"0":{"loc":{"start":{"line":48,"column":9},"end":{"line":48,"column":18}},"type":"default-arg","locations":[{"start":{"line":48,"column":16},"end":{"line":48,"column":18}}],"line":48},"1":{"loc":{"start":{"line":91,"column":14},"end":{"line":91,"column":86}},"type":"cond-expr","locations":[{"start":{"line":91,"column":61},"end":{"line":91,"column":71}},{"start":{"line":91,"column":74},"end":{"line":91,"column":86}}],"line":91},"2":{"loc":{"start":{"line":156,"column":4},"end":{"line":176,"column":5}},"type":"if","locations":[{"start":{"line":156,"column":4},"end":{"line":176,"column":5}},{"start":{"line":156,"column":4},"end":{"line":176,"column":5}}],"line":156},"3":{"loc":{"start":{"line":167,"column":5},"end":{"line":173,"column":6}},"type":"if","locations":[{"start":{"line":167,"column":5},"end":{"line":173,"column":6}},{"start":{"line":167,"column":5},"end":{"line":173,"column":6}}],"line":167},"4":{"loc":{"start":{"line":192,"column":3},"end":{"line":194,"column":4}},"type":"if","locations":[{"start":{"line":192,"column":3},"end":{"line":194,"column":4}},{"start":{"line":192,"column":3},"end":{"line":194,"column":4}}],"line":192},"5":{"loc":{"start":{"line":208,"column":9},"end":{"line":208,"column":59}},"type":"cond-expr","locations":[{"start":{"line":208,"column":22},"end":{"line":208,"column":51}},{"start":{"line":208,"column":54},"end":{"line":208,"column":59}}],"line":208},"6":{"loc":{"start":{"line":220,"column":9},"end":{"line":220,"column":28}},"type":"cond-expr","locations":[{"start":{"line":220,"column":16},"end":{"line":220,"column":20}},{"start":{"line":220,"column":23},"end":{"line":220,"column":28}}],"line":220},"7":{"loc":{"start":{"line":255,"column":24},"end":{"line":255,"column":130}},"type":"default-arg","locations":[{"start":{"line":255,"column":128},"end":{"line":255,"column":130}}],"line":255},"8":{"loc":{"start":{"line":255,"column":25},"end":{"line":255,"column":37}},"type":"default-arg","locations":[{"start":{"line":255,"column":35},"end":{"line":255,"column":37}}],"line":255},"9":{"loc":{"start":{"line":255,"column":39},"end":{"line":255,"column":52}},"type":"default-arg","locations":[{"start":{"line":255,"column":50},"end":{"line":255,"column":52}}],"line":255},"10":{"loc":{"start":{"line":255,"column":54},"end":{"line":255,"column":68}},"type":"default-arg","locations":[{"start":{"line":255,"column":66},"end":{"line":255,"column":68}}],"line":255},"11":{"loc":{"start":{"line":255,"column":70},"end":{"line":255,"column":84}},"type":"default-arg","locations":[{"start":{"line":255,"column":83},"end":{"line":255,"column":84}}],"line":255},"12":{"loc":{"start":{"line":255,"column":86},"end":{"line":255,"column":101}},"type":"default-arg","locations":[{"start":{"line":255,"column":99},"end":{"line":255,"column":101}}],"line":255},"13":{"loc":{"start":{"line":255,"column":103},"end":{"line":255,"column":124}},"type":"default-arg","locations":[{"start":{"line":255,"column":122},"end":{"line":255,"column":124}}],"line":255},"14":{"loc":{"start":{"line":255,"column":132},"end":{"line":255,"column":145}},"type":"default-arg","locations":[{"start":{"line":255,"column":140},"end":{"line":255,"column":145}}],"line":255},"15":{"loc":{"start":{"line":259,"column":2},"end":{"line":281,"column":3}},"type":"if","locations":[{"start":{"line":259,"column":2},"end":{"line":281,"column":3}},{"start":{"line":259,"column":2},"end":{"line":281,"column":3}}],"line":259},"16":{"loc":{"start":{"line":312,"column":4},"end":{"line":319,"column":5}},"type":"if","locations":[{"start":{"line":312,"column":4},"end":{"line":319,"column":5}},{"start":{"line":312,"column":4},"end":{"line":319,"column":5}}],"line":312},"17":{"loc":{"start":{"line":314,"column":5},"end":{"line":317,"column":6}},"type":"if","locations":[{"start":{"line":314,"column":5},"end":{"line":317,"column":6}},{"start":{"line":314,"column":5},"end":{"line":317,"column":6}}],"line":314},"18":{"loc":{"start":{"line":338,"column":2},"end":{"line":347,"column":4}},"type":"binary-expr","locations":[{"start":{"line":338,"column":2},"end":{"line":338,"column":6}},{"start":{"line":338,"column":10},"end":{"line":347,"column":4}}],"line":338},"19":{"loc":{"start":{"line":343,"column":4},"end":{"line":345,"column":5}},"type":"if","locations":[{"start":{"line":343,"column":4},"end":{"line":345,"column":5}},{"start":{"line":343,"column":4},"end":{"line":345,"column":5}}],"line":343},"20":{"loc":{"start":{"line":383,"column":6},"end":{"line":389,"column":7}},"type":"if","locations":[{"start":{"line":383,"column":6},"end":{"line":389,"column":7}},{"start":{"line":383,"column":6},"end":{"line":389,"column":7}}],"line":383},"21":{"loc":{"start":{"line":437,"column":2},"end":{"line":439,"column":3}},"type":"if","locations":[{"start":{"line":437,"column":2},"end":{"line":439,"column":3}},{"start":{"line":437,"column":2},"end":{"line":439,"column":3}}],"line":437},"22":{"loc":{"start":{"line":446,"column":2},"end":{"line":463,"column":3}},"type":"if","locations":[{"start":{"line":446,"column":2},"end":{"line":463,"column":3}},{"start":{"line":446,"column":2},"end":{"line":463,"column":3}}],"line":446},"23":{"loc":{"start":{"line":448,"column":4},"end":{"line":459,"column":5}},"type":"if","locations":[{"start":{"line":448,"column":4},"end":{"line":459,"column":5}},{"start":{"line":448,"column":4},"end":{"line":459,"column":5}}],"line":448},"24":{"loc":{"start":{"line":476,"column":3},"end":{"line":478,"column":4}},"type":"if","locations":[{"start":{"line":476,"column":3},"end":{"line":478,"column":4}},{"start":{"line":476,"column":3},"end":{"line":478,"column":4}}],"line":476},"25":{"loc":{"start":{"line":516,"column":19},"end":{"line":516,"column":27}},"type":"default-arg","locations":[{"start":{"line":516,"column":26},"end":{"line":516,"column":27}}],"line":516},"26":{"loc":{"start":{"line":519,"column":33},"end":{"line":519,"column":51}},"type":"cond-expr","locations":[{"start":{"line":519,"column":46},"end":{"line":519,"column":47}},{"start":{"line":519,"column":50},"end":{"line":519,"column":51}}],"line":519},"27":{"loc":{"start":{"line":523,"column":2},"end":{"line":599,"column":3}},"type":"if","locations":[{"start":{"line":523,"column":2},"end":{"line":599,"column":3}},{"start":{"line":523,"column":2},"end":{"line":599,"column":3}}],"line":523},"28":{"loc":{"start":{"line":527,"column":5},"end":{"line":531,"column":6}},"type":"if","locations":[{"start":{"line":527,"column":5},"end":{"line":531,"column":6}},{"start":{"line":527,"column":5},"end":{"line":531,"column":6}}],"line":527},"29":{"loc":{"start":{"line":542,"column":5},"end":{"line":592,"column":6}},"type":"switch","locations":[{"start":{"line":543,"column":6},"end":{"line":555,"column":13}},{"start":{"line":556,"column":6},"end":{"line":561,"column":13}},{"start":{"line":562,"column":6},"end":{"line":567,"column":13}},{"start":{"line":568,"column":6},"end":{"line":573,"column":13}},{"start":{"line":574,"column":6},"end":{"line":578,"column":13}},{"start":{"line":579,"column":6},"end":{"line":587,"column":13}},{"start":{"line":588,"column":6},"end":{"line":591,"column":10}}],"line":542},"30":{"loc":{"start":{"line":581,"column":8},"end":{"line":585,"column":9}},"type":"if","locations":[{"start":{"line":581,"column":8},"end":{"line":585,"column":9}},{"start":{"line":581,"column":8},"end":{"line":585,"column":9}}],"line":581},"31":{"loc":{"start":{"line":608,"column":24},"end":{"line":608,"column":37}},"type":"default-arg","locations":[{"start":{"line":608,"column":33},"end":{"line":608,"column":37}}],"line":608},"32":{"loc":{"start":{"line":609,"column":2},"end":{"line":609,"column":81}},"type":"cond-expr","locations":[{"start":{"line":609,"column":11},"end":{"line":609,"column":43}},{"start":{"line":609,"column":46},"end":{"line":609,"column":81}}],"line":609},"33":{"loc":{"start":{"line":621,"column":2},"end":{"line":623,"column":3}},"type":"if","locations":[{"start":{"line":621,"column":2},"end":{"line":623,"column":3}},{"start":{"line":621,"column":2},"end":{"line":623,"column":3}}],"line":621},"34":{"loc":{"start":{"line":629,"column":2},"end":{"line":631,"column":3}},"type":"if","locations":[{"start":{"line":629,"column":2},"end":{"line":631,"column":3}},{"start":{"line":629,"column":2},"end":{"line":631,"column":3}}],"line":629}},"s":{"0":1,"1":1,"2":1,"3":1,"4":1,"5":1,"6":1,"7":1,"8":1,"9":1,"10":1,"11":1,"12":1,"13":0,"14":0,"15":0,"16":0,"17":0,"18":0,"19":0,"20":1,"21":1,"22":1,"23":0,"24":0,"25":1,"26":0,"27":0,"28":1,"29":3,"30":3,"31":3,"32":0,"33":3,"34":1,"35":1,"36":1,"37":1,"38":2,"39":1,"40":1,"41":1,"42":1,"43":0,"44":0,"45":0,"46":0,"47":1,"48":0,"49":1,"50":1,"51":0,"52":0,"53":0,"54":0,"55":0,"56":0,"57":0,"58":1,"59":1,"60":1,"61":1,"62":0,"63":0,"64":0,"65":1,"66":0,"67":0,"68":0,"69":0,"70":0,"71":0,"72":0,"73":0,"74":0,"75":0,"76":0,"77":0,"78":0,"79":0,"80":0,"81":0,"82":0,"83":0,"84":0,"85":0,"86":0,"87":0,"88":0,"89":0,"90":0,"91":0,"92":0,"93":0,"94":0,"95":0,"96":0,"97":0,"98":0,"99":0,"100":0,"101":0,"102":0,"103":0,"104":0,"105":0,"106":0,"107":0,"108":0,"109":0,"110":0,"111":0,"112":0,"113":0,"114":0,"115":0,"116":0,"117":0,"118":0,"119":0,"120":0,"121":0,"122":0,"123":0,"124":0,"125":0,"126":0,"127":0,"128":0,"129":0,"130":0,"131":0,"132":0,"133":0,"134":0,"135":0,"136":0,"137":0,"138":0,"139":0,"140":0,"141":0,"142":0,"143":0,"144":0,"145":0,"146":0,"147":0,"148":0,"149":0,"150":0,"151":0,"152":0,"153":0,"154":0,"155":0,"156":0,"157":0,"158":0,"159":0,"160":0,"161":0,"162":0,"163":0,"164":0,"165":0,"166":0,"167":0,"168":0,"169":0,"170":0,"171":0,"172":0,"173":0,"174":0,"175":0},"f":{"0":1,"1":1,"2":0,"3":0,"4":1,"5":1,"6":1,"7":3,"8":1,"9":1,"10":2,"11":1,"12":1,"13":0,"14":1,"15":1,"16":0,"17":0,"18":1,"19":1,"20":0,"21":0,"22":0,"23":0,"24":0,"25":0,"26":0,"27":0,"28":0,"29":0,"30":0,"31":0,"32":0,"33":0,"34":0,"35":0,"36":0,"37":0,"38":0,"39":0,"40":0,"41":0,"42":0,"43":0,"44":0,"45":0,"46":0,"47":0,"48":0,"49":0,"50":0,"51":0,"52":0,"53":0,"54":0},"b":{"0":[1],"1":[1,0],"2":[0,1],"3":[0,1],"4":[0,3],"5":[0,1],"6":[0,1],"7":[1],"8":[1],"9":[1],"10":[1],"11":[1],"12":[1],"13":[1],"14":[1],"15":[0,1],"16":[0,0],"17":[0,0],"18":[1,1],"19":[0,0],"20":[0,0],"21":[0,0],"22":[0,0],"23":[0,0],"24":[0,0],"25":[0],"26":[0,0],"27":[0,0],"28":[0,0],"29":[0,0,0,0,0,0,0],"30":[0,0],"31":[0],"32":[0,0],"33":[0,0],"34":[0,0]},"_coverageSchema":"1a1c01bbd47fc00a2c39e90264f33305004495a9","hash":"ec6f466b040bcb1a43ab62b28a1d14264598ba69"}
,"F:\\kaikeba\\Test\\jest_webpack\\src\\js\\index.js": {"path":"F:\\kaikeba\\Test\\jest_webpack\\src\\js\\index.js","statementMap":{"0":{"start":{"line":3,"column":18},"end":{"line":5,"column":1}},"1":{"start":{"line":4,"column":4},"end":{"line":4,"column":14}},"2":{"start":{"line":7,"column":23},"end":{"line":16,"column":1}},"3":{"start":{"line":8,"column":12},"end":{"line":8,"column":13}},"4":{"start":{"line":9,"column":16},"end":{"line":15,"column":10}},"5":{"start":{"line":10,"column":8},"end":{"line":10,"column":11}},"6":{"start":{"line":11,"column":8},"end":{"line":14,"column":9}},"7":{"start":{"line":12,"column":12},"end":{"line":12,"column":32}},"8":{"start":{"line":13,"column":12},"end":{"line":13,"column":23}},"9":{"start":{"line":18,"column":25},"end":{"line":26,"column":1}},"10":{"start":{"line":19,"column":4},"end":{"line":25,"column":6}},"11":{"start":{"line":20,"column":12},"end":{"line":24,"column":13}},"12":{"start":{"line":21,"column":16},"end":{"line":21,"column":55}},"13":{"start":{"line":23,"column":16},"end":{"line":23,"column":35}},"14":{"start":{"line":28,"column":23},"end":{"line":30,"column":1}},"15":{"start":{"line":29,"column":4},"end":{"line":29,"column":51}},"16":{"start":{"line":29,"column":42},"end":{"line":29,"column":50}},"17":{"start":{"line":33,"column":0},"end":{"line":33,"column":78}}},"fnMap":{"0":{"name":"(anonymous_0)","decl":{"start":{"line":3,"column":18},"end":{"line":3,"column":19}},"loc":{"start":{"line":3,"column":25},"end":{"line":5,"column":1}},"line":3},"1":{"name":"(anonymous_1)","decl":{"start":{"line":7,"column":23},"end":{"line":7,"column":24}},"loc":{"start":{"line":7,"column":37},"end":{"line":16,"column":1}},"line":7},"2":{"name":"(anonymous_2)","decl":{"start":{"line":9,"column":28},"end":{"line":9,"column":29}},"loc":{"start":{"line":9,"column":34},"end":{"line":15,"column":5}},"line":9},"3":{"name":"(anonymous_3)","decl":{"start":{"line":18,"column":25},"end":{"line":18,"column":26}},"loc":{"start":{"line":18,"column":41},"end":{"line":26,"column":1}},"line":18},"4":{"name":"(anonymous_4)","decl":{"start":{"line":19,"column":23},"end":{"line":19,"column":24}},"loc":{"start":{"line":19,"column":45},"end":{"line":25,"column":5}},"line":19},"5":{"name":"(anonymous_5)","decl":{"start":{"line":28,"column":23},"end":{"line":28,"column":24}},"loc":{"start":{"line":28,"column":29},"end":{"line":30,"column":1}},"line":28},"6":{"name":"(anonymous_6)","decl":{"start":{"line":29,"column":35},"end":{"line":29,"column":36}},"loc":{"start":{"line":29,"column":42},"end":{"line":29,"column":50}},"line":29}},"branchMap":{"0":{"loc":{"start":{"line":11,"column":8},"end":{"line":14,"column":9}},"type":"if","locations":[{"start":{"line":11,"column":8},"end":{"line":14,"column":9}},{"start":{"line":11,"column":8},"end":{"line":14,"column":9}}],"line":11},"1":{"loc":{"start":{"line":18,"column":26},"end":{"line":18,"column":36}},"type":"default-arg","locations":[{"start":{"line":18,"column":32},"end":{"line":18,"column":36}}],"line":18},"2":{"loc":{"start":{"line":20,"column":12},"end":{"line":24,"column":13}},"type":"if","locations":[{"start":{"line":20,"column":12},"end":{"line":24,"column":13}},{"start":{"line":20,"column":12},"end":{"line":24,"column":13}}],"line":20}},"s":{"0":1,"1":1,"2":1,"3":1,"4":1,"5":6,"6":6,"7":1,"8":1,"9":1,"10":2,"11":2,"12":1,"13":1,"14":1,"15":1,"16":1,"17":1},"f":{"0":1,"1":1,"2":6,"3":2,"4":2,"5":1,"6":1},"b":{"0":[1,5],"1":[1],"2":[1,1]},"_coverageSchema":"1a1c01bbd47fc00a2c39e90264f33305004495a9","hash":"237285240a88c3c984ac4633603b01f35b08fabe"}
,"F:\\kaikeba\\Test\\jest_webpack\\src\\libs\\runtime.js": {"path":"F:\\kaikeba\\Test\\jest_webpack\\src\\libs\\runtime.js","statementMap":{"0":{"start":{"line":8,"column":15},"end":{"line":733,"column":1}},"1":{"start":{"line":11,"column":11},"end":{"line":11,"column":27}},"2":{"start":{"line":12,"column":15},"end":{"line":12,"column":32}},"3":{"start":{"line":14,"column":16},"end":{"line":14,"column":58}},"4":{"start":{"line":15,"column":23},"end":{"line":15,"column":55}},"5":{"start":{"line":16,"column":28},"end":{"line":16,"column":70}},"6":{"start":{"line":17,"column":26},"end":{"line":17,"column":64}},"7":{"start":{"line":20,"column":4},"end":{"line":25,"column":7}},"8":{"start":{"line":26,"column":4},"end":{"line":26,"column":20}},"9":{"start":{"line":28,"column":2},"end":{"line":35,"column":3}},"10":{"start":{"line":30,"column":4},"end":{"line":30,"column":19}},"11":{"start":{"line":32,"column":4},"end":{"line":34,"column":6}},"12":{"start":{"line":33,"column":6},"end":{"line":33,"column":30}},"13":{"start":{"line":39,"column":25},"end":{"line":39,"column":96}},"14":{"start":{"line":40,"column":20},"end":{"line":40,"column":59}},"15":{"start":{"line":41,"column":18},"end":{"line":41,"column":48}},"16":{"start":{"line":45,"column":4},"end":{"line":45,"column":65}},"17":{"start":{"line":47,"column":4},"end":{"line":47,"column":21}},"18":{"start":{"line":49,"column":2},"end":{"line":49,"column":22}},"19":{"start":{"line":62,"column":4},"end":{"line":66,"column":5}},"20":{"start":{"line":63,"column":6},"end":{"line":63,"column":56}},"21":{"start":{"line":65,"column":6},"end":{"line":65,"column":41}},"22":{"start":{"line":69,"column":31},"end":{"line":69,"column":47}},"23":{"start":{"line":70,"column":31},"end":{"line":70,"column":47}},"24":{"start":{"line":71,"column":26},"end":{"line":71,"column":37}},"25":{"start":{"line":72,"column":26},"end":{"line":72,"column":37}},"26":{"start":{"line":76,"column":25},"end":{"line":76,"column":27}},"27":{"start":{"line":88,"column":26},"end":{"line":88,"column":28}},"28":{"start":{"line":89,"column":2},"end":{"line":91,"column":4}},"29":{"start":{"line":90,"column":4},"end":{"line":90,"column":16}},"30":{"start":{"line":93,"column":17},"end":{"line":93,"column":38}},"31":{"start":{"line":94,"column":32},"end":{"line":94,"column":74}},"32":{"start":{"line":95,"column":2},"end":{"line":101,"column":3}},"33":{"start":{"line":100,"column":4},"end":{"line":100,"column":48}},"34":{"start":{"line":103,"column":11},"end":{"line":104,"column":58}},"35":{"start":{"line":105,"column":2},"end":{"line":105,"column":76}},"36":{"start":{"line":106,"column":2},"end":{"line":106,"column":61}},"37":{"start":{"line":107,"column":2},"end":{"line":111,"column":4}},"38":{"start":{"line":116,"column":4},"end":{"line":120,"column":7}},"39":{"start":{"line":117,"column":6},"end":{"line":119,"column":9}},"40":{"start":{"line":118,"column":8},"end":{"line":118,"column":41}},"41":{"start":{"line":123,"column":2},"end":{"line":131,"column":4}},"42":{"start":{"line":124,"column":15},"end":{"line":124,"column":65}},"43":{"start":{"line":125,"column":4},"end":{"line":130,"column":14}},"44":{"start":{"line":133,"column":2},"end":{"line":142,"column":4}},"45":{"start":{"line":134,"column":4},"end":{"line":139,"column":5}},"46":{"start":{"line":135,"column":6},"end":{"line":135,"column":64}},"47":{"start":{"line":137,"column":6},"end":{"line":137,"column":52}},"48":{"start":{"line":138,"column":6},"end":{"line":138,"column":61}},"49":{"start":{"line":140,"column":4},"end":{"line":140,"column":41}},"50":{"start":{"line":141,"column":4},"end":{"line":141,"column":18}},"51":{"start":{"line":148,"column":2},"end":{"line":150,"column":4}},"52":{"start":{"line":149,"column":4},"end":{"line":149,"column":28}},"53":{"start":{"line":154,"column":19},"end":{"line":154,"column":62}},"54":{"start":{"line":155,"column":6},"end":{"line":181,"column":7}},"55":{"start":{"line":156,"column":8},"end":{"line":156,"column":27}},"56":{"start":{"line":158,"column":21},"end":{"line":158,"column":31}},"57":{"start":{"line":159,"column":20},"end":{"line":159,"column":32}},"58":{"start":{"line":160,"column":8},"end":{"line":168,"column":9}},"59":{"start":{"line":163,"column":10},"end":{"line":167,"column":13}},"60":{"start":{"line":164,"column":12},"end":{"line":164,"column":51}},"61":{"start":{"line":166,"column":12},"end":{"line":166,"column":50}},"62":{"start":{"line":170,"column":8},"end":{"line":180,"column":11}},"63":{"start":{"line":174,"column":10},"end":{"line":174,"column":35}},"64":{"start":{"line":175,"column":10},"end":{"line":175,"column":26}},"65":{"start":{"line":179,"column":10},"end":{"line":179,"column":57}},"66":{"start":{"line":188,"column":8},"end":{"line":190,"column":11}},"67":{"start":{"line":189,"column":10},"end":{"line":189,"column":47}},"68":{"start":{"line":193,"column":6},"end":{"line":211,"column":41}},"69":{"start":{"line":216,"column":4},"end":{"line":216,"column":27}},"70":{"start":{"line":219,"column":2},"end":{"line":219,"column":49}},"71":{"start":{"line":220,"column":2},"end":{"line":222,"column":4}},"72":{"start":{"line":221,"column":4},"end":{"line":221,"column":16}},"73":{"start":{"line":223,"column":2},"end":{"line":223,"column":40}},"74":{"start":{"line":228,"column":2},"end":{"line":241,"column":4}},"75":{"start":{"line":229,"column":4},"end":{"line":229,"column":54}},"76":{"start":{"line":229,"column":32},"end":{"line":229,"column":54}},"77":{"start":{"line":231,"column":15},"end":{"line":234,"column":5}},"78":{"start":{"line":236,"column":4},"end":{"line":240,"column":11}},"79":{"start":{"line":239,"column":10},"end":{"line":239,"column":58}},"80":{"start":{"line":244,"column":16},"end":{"line":244,"column":38}},"81":{"start":{"line":246,"column":4},"end":{"line":318,"column":6}},"82":{"start":{"line":247,"column":6},"end":{"line":249,"column":7}},"83":{"start":{"line":248,"column":8},"end":{"line":248,"column":56}},"84":{"start":{"line":251,"column":6},"end":{"line":259,"column":7}},"85":{"start":{"line":252,"column":8},"end":{"line":254,"column":9}},"86":{"start":{"line":253,"column":10},"end":{"line":253,"column":20}},"87":{"start":{"line":258,"column":8},"end":{"line":258,"column":28}},"88":{"start":{"line":261,"column":6},"end":{"line":261,"column":30}},"89":{"start":{"line":262,"column":6},"end":{"line":262,"column":24}},"90":{"start":{"line":264,"column":6},"end":{"line":317,"column":7}},"91":{"start":{"line":265,"column":23},"end":{"line":265,"column":39}},"92":{"start":{"line":266,"column":8},"end":{"line":272,"column":9}},"93":{"start":{"line":267,"column":31},"end":{"line":267,"column":69}},"94":{"start":{"line":268,"column":10},"end":{"line":271,"column":11}},"95":{"start":{"line":269,"column":12},"end":{"line":269,"column":62}},"96":{"start":{"line":269,"column":53},"end":{"line":269,"column":62}},"97":{"start":{"line":270,"column":12},"end":{"line":270,"column":34}},"98":{"start":{"line":274,"column":8},"end":{"line":289,"column":9}},"99":{"start":{"line":277,"column":10},"end":{"line":277,"column":53}},"100":{"start":{"line":279,"column":15},"end":{"line":289,"column":9}},"101":{"start":{"line":280,"column":10},"end":{"line":283,"column":11}},"102":{"start":{"line":281,"column":12},"end":{"line":281,"column":38}},"103":{"start":{"line":282,"column":12},"end":{"line":282,"column":30}},"104":{"start":{"line":285,"column":10},"end":{"line":285,"column":49}},"105":{"start":{"line":287,"column":15},"end":{"line":289,"column":9}},"106":{"start":{"line":288,"column":10},"end":{"line":288,"column":48}},"107":{"start":{"line":291,"column":8},"end":{"line":291,"column":34}},"108":{"start":{"line":293,"column":21},"end":{"line":293,"column":53}},"109":{"start":{"line":294,"column":8},"end":{"line":316,"column":9}},"110":{"start":{"line":297,"column":10},"end":{"line":299,"column":37}},"111":{"start":{"line":301,"column":10},"end":{"line":303,"column":11}},"112":{"start":{"line":302,"column":12},"end":{"line":302,"column":21}},"113":{"start":{"line":305,"column":10},"end":{"line":308,"column":12}},"114":{"start":{"line":310,"column":15},"end":{"line":316,"column":9}},"115":{"start":{"line":311,"column":10},"end":{"line":311,"column":36}},"116":{"start":{"line":314,"column":10},"end":{"line":314,"column":35}},"117":{"start":{"line":315,"column":10},"end":{"line":315,"column":35}},"118":{"start":{"line":326,"column":17},"end":{"line":326,"column":50}},"119":{"start":{"line":327,"column":4},"end":{"line":354,"column":5}},"120":{"start":{"line":330,"column":6},"end":{"line":330,"column":30}},"121":{"start":{"line":332,"column":6},"end":{"line":351,"column":7}},"122":{"start":{"line":334,"column":8},"end":{"line":346,"column":9}},"123":{"start":{"line":337,"column":10},"end":{"line":337,"column":36}},"124":{"start":{"line":338,"column":10},"end":{"line":338,"column":34}},"125":{"start":{"line":339,"column":10},"end":{"line":339,"column":49}},"126":{"start":{"line":341,"column":10},"end":{"line":345,"column":11}},"127":{"start":{"line":344,"column":12},"end":{"line":344,"column":36}},"128":{"start":{"line":348,"column":8},"end":{"line":348,"column":33}},"129":{"start":{"line":349,"column":8},"end":{"line":350,"column":60}},"130":{"start":{"line":353,"column":6},"end":{"line":353,"column":30}},"131":{"start":{"line":356,"column":17},"end":{"line":356,"column":65}},"132":{"start":{"line":358,"column":4},"end":{"line":363,"column":5}},"133":{"start":{"line":359,"column":6},"end":{"line":359,"column":31}},"134":{"start":{"line":360,"column":6},"end":{"line":360,"column":31}},"135":{"start":{"line":361,"column":6},"end":{"line":361,"column":30}},"136":{"start":{"line":362,"column":6},"end":{"line":362,"column":30}},"137":{"start":{"line":365,"column":15},"end":{"line":365,"column":25}},"138":{"start":{"line":367,"column":4},"end":{"line":372,"column":5}},"139":{"start":{"line":368,"column":6},"end":{"line":368,"column":31}},"140":{"start":{"line":369,"column":6},"end":{"line":369,"column":70}},"141":{"start":{"line":370,"column":6},"end":{"line":370,"column":30}},"142":{"start":{"line":371,"column":6},"end":{"line":371,"column":30}},"143":{"start":{"line":374,"column":4},"end":{"line":396,"column":5}},"144":{"start":{"line":377,"column":6},"end":{"line":377,"column":48}},"145":{"start":{"line":380,"column":6},"end":{"line":380,"column":38}},"146":{"start":{"line":388,"column":6},"end":{"line":391,"column":7}},"147":{"start":{"line":389,"column":8},"end":{"line":389,"column":32}},"148":{"start":{"line":390,"column":8},"end":{"line":390,"column":32}},"149":{"start":{"line":395,"column":6},"end":{"line":395,"column":18}},"150":{"start":{"line":400,"column":4},"end":{"line":400,"column":28}},"151":{"start":{"line":401,"column":4},"end":{"line":401,"column":28}},"152":{"start":{"line":406,"column":2},"end":{"line":406,"column":28}},"153":{"start":{"line":408,"column":2},"end":{"line":408,"column":45}},"154":{"start":{"line":415,"column":2},"end":{"line":417,"column":4}},"155":{"start":{"line":416,"column":4},"end":{"line":416,"column":16}},"156":{"start":{"line":419,"column":2},"end":{"line":421,"column":4}},"157":{"start":{"line":420,"column":4},"end":{"line":420,"column":32}},"158":{"start":{"line":424,"column":16},"end":{"line":424,"column":35}},"159":{"start":{"line":426,"column":4},"end":{"line":428,"column":5}},"160":{"start":{"line":427,"column":6},"end":{"line":427,"column":31}},"161":{"start":{"line":430,"column":4},"end":{"line":433,"column":5}},"162":{"start":{"line":431,"column":6},"end":{"line":431,"column":33}},"163":{"start":{"line":432,"column":6},"end":{"line":432,"column":31}},"164":{"start":{"line":435,"column":4},"end":{"line":435,"column":32}},"165":{"start":{"line":439,"column":17},"end":{"line":439,"column":39}},"166":{"start":{"line":440,"column":4},"end":{"line":440,"column":27}},"167":{"start":{"line":441,"column":4},"end":{"line":441,"column":22}},"168":{"start":{"line":442,"column":4},"end":{"line":442,"column":30}},"169":{"start":{"line":449,"column":4},"end":{"line":449,"column":43}},"170":{"start":{"line":450,"column":4},"end":{"line":450,"column":44}},"171":{"start":{"line":451,"column":4},"end":{"line":451,"column":21}},"172":{"start":{"line":454,"column":2},"end":{"line":479,"column":4}},"173":{"start":{"line":455,"column":15},"end":{"line":455,"column":17}},"174":{"start":{"line":456,"column":4},"end":{"line":458,"column":5}},"175":{"start":{"line":457,"column":6},"end":{"line":457,"column":21}},"176":{"start":{"line":459,"column":4},"end":{"line":459,"column":19}},"177":{"start":{"line":463,"column":4},"end":{"line":478,"column":6}},"178":{"start":{"line":464,"column":6},"end":{"line":471,"column":7}},"179":{"start":{"line":465,"column":18},"end":{"line":465,"column":28}},"180":{"start":{"line":466,"column":8},"end":{"line":470,"column":9}},"181":{"start":{"line":467,"column":10},"end":{"line":467,"column":27}},"182":{"start":{"line":468,"column":10},"end":{"line":468,"column":28}},"183":{"start":{"line":469,"column":10},"end":{"line":469,"column":22}},"184":{"start":{"line":476,"column":6},"end":{"line":476,"column":23}},"185":{"start":{"line":477,"column":6},"end":{"line":477,"column":18}},"186":{"start":{"line":482,"column":4},"end":{"line":510,"column":5}},"187":{"start":{"line":483,"column":27},"end":{"line":483,"column":51}},"188":{"start":{"line":484,"column":6},"end":{"line":486,"column":7}},"189":{"start":{"line":485,"column":8},"end":{"line":485,"column":45}},"190":{"start":{"line":488,"column":6},"end":{"line":490,"column":7}},"191":{"start":{"line":489,"column":8},"end":{"line":489,"column":24}},"192":{"start":{"line":492,"column":6},"end":{"line":509,"column":7}},"193":{"start":{"line":493,"column":16},"end":{"line":493,"column":18}},"194":{"start":{"line":493,"column":27},"end":{"line":506,"column":9}},"195":{"start":{"line":494,"column":10},"end":{"line":500,"column":11}},"196":{"start":{"line":495,"column":12},"end":{"line":499,"column":13}},"197":{"start":{"line":496,"column":14},"end":{"line":496,"column":39}},"198":{"start":{"line":497,"column":14},"end":{"line":497,"column":32}},"199":{"start":{"line":498,"column":14},"end":{"line":498,"column":26}},"200":{"start":{"line":502,"column":10},"end":{"line":502,"column":33}},"201":{"start":{"line":503,"column":10},"end":{"line":503,"column":27}},"202":{"start":{"line":505,"column":10},"end":{"line":505,"column":22}},"203":{"start":{"line":508,"column":8},"end":{"line":508,"column":32}},"204":{"start":{"line":513,"column":4},"end":{"line":513,"column":32}},"205":{"start":{"line":515,"column":2},"end":{"line":515,"column":26}},"206":{"start":{"line":518,"column":4},"end":{"line":518,"column":44}},"207":{"start":{"line":521,"column":2},"end":{"line":719,"column":4}},"208":{"start":{"line":525,"column":6},"end":{"line":525,"column":20}},"209":{"start":{"line":526,"column":6},"end":{"line":526,"column":20}},"210":{"start":{"line":529,"column":6},"end":{"line":529,"column":41}},"211":{"start":{"line":530,"column":6},"end":{"line":530,"column":24}},"212":{"start":{"line":531,"column":6},"end":{"line":531,"column":27}},"213":{"start":{"line":533,"column":6},"end":{"line":533,"column":27}},"214":{"start":{"line":534,"column":6},"end":{"line":534,"column":27}},"215":{"start":{"line":536,"column":6},"end":{"line":536,"column":45}},"216":{"start":{"line":538,"column":6},"end":{"line":547,"column":7}},"217":{"start":{"line":539,"column":8},"end":{"line":546,"column":9}},"218":{"start":{"line":541,"column":10},"end":{"line":545,"column":11}},"219":{"start":{"line":544,"column":12},"end":{"line":544,"column":35}},"220":{"start":{"line":551,"column":6},"end":{"line":551,"column":23}},"221":{"start":{"line":553,"column":22},"end":{"line":553,"column":40}},"222":{"start":{"line":554,"column":23},"end":{"line":554,"column":43}},"223":{"start":{"line":555,"column":6},"end":{"line":557,"column":7}},"224":{"start":{"line":556,"column":8},"end":{"line":556,"column":29}},"225":{"start":{"line":559,"column":6},"end":{"line":559,"column":23}},"226":{"start":{"line":563,"column":6},"end":{"line":565,"column":7}},"227":{"start":{"line":564,"column":8},"end":{"line":564,"column":24}},"228":{"start":{"line":567,"column":20},"end":{"line":567,"column":24}},"229":{"start":{"line":569,"column":8},"end":{"line":569,"column":30}},"230":{"start":{"line":570,"column":8},"end":{"line":570,"column":31}},"231":{"start":{"line":571,"column":8},"end":{"line":571,"column":27}},"232":{"start":{"line":573,"column":8},"end":{"line":578,"column":9}},"233":{"start":{"line":576,"column":10},"end":{"line":576,"column":34}},"234":{"start":{"line":577,"column":10},"end":{"line":577,"column":34}},"235":{"start":{"line":580,"column":8},"end":{"line":580,"column":25}},"236":{"start":{"line":583,"column":6},"end":{"line":619,"column":7}},"237":{"start":{"line":583,"column":19},"end":{"line":583,"column":45}},"238":{"start":{"line":584,"column":20},"end":{"line":584,"column":38}},"239":{"start":{"line":585,"column":21},"end":{"line":585,"column":37}},"240":{"start":{"line":587,"column":8},"end":{"line":592,"column":9}},"241":{"start":{"line":591,"column":10},"end":{"line":591,"column":31}},"242":{"start":{"line":594,"column":8},"end":{"line":618,"column":9}},"243":{"start":{"line":595,"column":25},"end":{"line":595,"column":55}},"244":{"start":{"line":596,"column":27},"end":{"line":596,"column":59}},"245":{"start":{"line":598,"column":10},"end":{"line":617,"column":11}},"246":{"start":{"line":599,"column":12},"end":{"line":603,"column":13}},"247":{"start":{"line":600,"column":14},"end":{"line":600,"column":50}},"248":{"start":{"line":601,"column":19},"end":{"line":603,"column":13}},"249":{"start":{"line":602,"column":14},"end":{"line":602,"column":46}},"250":{"start":{"line":605,"column":17},"end":{"line":617,"column":11}},"251":{"start":{"line":606,"column":12},"end":{"line":608,"column":13}},"252":{"start":{"line":607,"column":14},"end":{"line":607,"column":50}},"253":{"start":{"line":610,"column":17},"end":{"line":617,"column":11}},"254":{"start":{"line":611,"column":12},"end":{"line":613,"column":13}},"255":{"start":{"line":612,"column":14},"end":{"line":612,"column":46}},"256":{"start":{"line":616,"column":12},"end":{"line":616,"column":70}},"257":{"start":{"line":623,"column":6},"end":{"line":631,"column":7}},"258":{"start":{"line":623,"column":19},"end":{"line":623,"column":45}},"259":{"start":{"line":624,"column":20},"end":{"line":624,"column":38}},"260":{"start":{"line":625,"column":8},"end":{"line":630,"column":9}},"261":{"start":{"line":628,"column":29},"end":{"line":628,"column":34}},"262":{"start":{"line":629,"column":10},"end":{"line":629,"column":16}},"263":{"start":{"line":633,"column":6},"end":{"line":641,"column":7}},"264":{"start":{"line":640,"column":8},"end":{"line":640,"column":28}},"265":{"start":{"line":643,"column":19},"end":{"line":643,"column":62}},"266":{"start":{"line":644,"column":6},"end":{"line":644,"column":25}},"267":{"start":{"line":645,"column":6},"end":{"line":645,"column":23}},"268":{"start":{"line":647,"column":6},"end":{"line":651,"column":7}},"269":{"start":{"line":648,"column":8},"end":{"line":648,"column":29}},"270":{"start":{"line":649,"column":8},"end":{"line":649,"column":44}},"271":{"start":{"line":650,"column":8},"end":{"line":650,"column":32}},"272":{"start":{"line":653,"column":6},"end":{"line":653,"column":35}},"273":{"start":{"line":657,"column":6},"end":{"line":659,"column":7}},"274":{"start":{"line":658,"column":8},"end":{"line":658,"column":25}},"275":{"start":{"line":661,"column":6},"end":{"line":670,"column":7}},"276":{"start":{"line":663,"column":8},"end":{"line":663,"column":31}},"277":{"start":{"line":664,"column":13},"end":{"line":670,"column":7}},"278":{"start":{"line":665,"column":8},"end":{"line":665,"column":42}},"279":{"start":{"line":666,"column":8},"end":{"line":666,"column":31}},"280":{"start":{"line":667,"column":8},"end":{"line":667,"column":26}},"281":{"start":{"line":668,"column":13},"end":{"line":670,"column":7}},"282":{"start":{"line":669,"column":8},"end":{"line":669,"column":29}},"283":{"start":{"line":672,"column":6},"end":{"line":672,"column":30}},"284":{"start":{"line":676,"column":6},"end":{"line":683,"column":7}},"285":{"start":{"line":676,"column":19},"end":{"line":676,"column":45}},"286":{"start":{"line":677,"column":20},"end":{"line":677,"column":38}},"287":{"start":{"line":678,"column":8},"end":{"line":682,"column":9}},"288":{"start":{"line":679,"column":10},"end":{"line":679,"column":58}},"289":{"start":{"line":680,"column":10},"end":{"line":680,"column":31}},"290":{"start":{"line":681,"column":10},"end":{"line":681,"column":34}},"291":{"start":{"line":687,"column":6},"end":{"line":697,"column":7}},"292":{"start":{"line":687,"column":19},"end":{"line":687,"column":45}},"293":{"start":{"line":688,"column":20},"end":{"line":688,"column":38}},"294":{"start":{"line":689,"column":8},"end":{"line":696,"column":9}},"295":{"start":{"line":690,"column":23},"end":{"line":690,"column":39}},"296":{"start":{"line":691,"column":10},"end":{"line":694,"column":11}},"297":{"start":{"line":692,"column":25},"end":{"line":692,"column":35}},"298":{"start":{"line":693,"column":12},"end":{"line":693,"column":33}},"299":{"start":{"line":695,"column":10},"end":{"line":695,"column":24}},"300":{"start":{"line":701,"column":6},"end":{"line":701,"column":47}},"301":{"start":{"line":705,"column":6},"end":{"line":709,"column":8}},"302":{"start":{"line":711,"column":6},"end":{"line":715,"column":7}},"303":{"start":{"line":714,"column":8},"end":{"line":714,"column":29}},"304":{"start":{"line":717,"column":6},"end":{"line":717,"column":30}},"305":{"start":{"line":725,"column":2},"end":{"line":725,"column":17}},"306":{"start":{"line":735,"column":0},"end":{"line":748,"column":1}},"307":{"start":{"line":736,"column":2},"end":{"line":736,"column":31}},"308":{"start":{"line":747,"column":2},"end":{"line":747,"column":51}}},"fnMap":{"0":{"name":"(anonymous_0)","decl":{"start":{"line":8,"column":15},"end":{"line":8,"column":16}},"loc":{"start":{"line":8,"column":34},"end":{"line":727,"column":1}},"line":8},"1":{"name":"define","decl":{"start":{"line":19,"column":11},"end":{"line":19,"column":17}},"loc":{"start":{"line":19,"column":35},"end":{"line":27,"column":3}},"line":19},"2":{"name":"(anonymous_2)","decl":{"start":{"line":32,"column":13},"end":{"line":32,"column":14}},"loc":{"start":{"line":32,"column":39},"end":{"line":34,"column":5}},"line":32},"3":{"name":"wrap","decl":{"start":{"line":37,"column":11},"end":{"line":37,"column":15}},"loc":{"start":{"line":37,"column":53},"end":{"line":48,"column":3}},"line":37},"4":{"name":"tryCatch","decl":{"start":{"line":61,"column":11},"end":{"line":61,"column":19}},"loc":{"start":{"line":61,"column":34},"end":{"line":67,"column":3}},"line":61},"5":{"name":"Generator","decl":{"start":{"line":82,"column":11},"end":{"line":82,"column":20}},"loc":{"start":{"line":82,"column":23},"end":{"line":82,"column":25}},"line":82},"6":{"name":"GeneratorFunction","decl":{"start":{"line":83,"column":11},"end":{"line":83,"column":28}},"loc":{"start":{"line":83,"column":31},"end":{"line":83,"column":33}},"line":83},"7":{"name":"GeneratorFunctionPrototype","decl":{"start":{"line":84,"column":11},"end":{"line":84,"column":37}},"loc":{"start":{"line":84,"column":40},"end":{"line":84,"column":42}},"line":84},"8":{"name":"(anonymous_8)","decl":{"start":{"line":89,"column":38},"end":{"line":89,"column":39}},"loc":{"start":{"line":89,"column":50},"end":{"line":91,"column":3}},"line":89},"9":{"name":"defineIteratorMethods","decl":{"start":{"line":115,"column":11},"end":{"line":115,"column":32}},"loc":{"start":{"line":115,"column":44},"end":{"line":121,"column":3}},"line":115},"10":{"name":"(anonymous_10)","decl":{"start":{"line":116,"column":40},"end":{"line":116,"column":41}},"loc":{"start":{"line":116,"column":57},"end":{"line":120,"column":5}},"line":116},"11":{"name":"(anonymous_11)","decl":{"start":{"line":117,"column":32},"end":{"line":117,"column":33}},"loc":{"start":{"line":117,"column":46},"end":{"line":119,"column":7}},"line":117},"12":{"name":"(anonymous_12)","decl":{"start":{"line":123,"column":32},"end":{"line":123,"column":33}},"loc":{"start":{"line":123,"column":49},"end":{"line":131,"column":3}},"line":123},"13":{"name":"(anonymous_13)","decl":{"start":{"line":133,"column":17},"end":{"line":133,"column":18}},"loc":{"start":{"line":133,"column":34},"end":{"line":142,"column":3}},"line":133},"14":{"name":"(anonymous_14)","decl":{"start":{"line":148,"column":18},"end":{"line":148,"column":19}},"loc":{"start":{"line":148,"column":32},"end":{"line":150,"column":3}},"line":148},"15":{"name":"AsyncIterator","decl":{"start":{"line":152,"column":11},"end":{"line":152,"column":24}},"loc":{"start":{"line":152,"column":49},"end":{"line":217,"column":3}},"line":152},"16":{"name":"invoke","decl":{"start":{"line":153,"column":13},"end":{"line":153,"column":19}},"loc":{"start":{"line":153,"column":50},"end":{"line":182,"column":5}},"line":153},"17":{"name":"(anonymous_17)","decl":{"start":{"line":163,"column":57},"end":{"line":163,"column":58}},"loc":{"start":{"line":163,"column":73},"end":{"line":165,"column":11}},"line":163},"18":{"name":"(anonymous_18)","decl":{"start":{"line":165,"column":13},"end":{"line":165,"column":14}},"loc":{"start":{"line":165,"column":27},"end":{"line":167,"column":11}},"line":165},"19":{"name":"(anonymous_19)","decl":{"start":{"line":170,"column":47},"end":{"line":170,"column":48}},"loc":{"start":{"line":170,"column":67},"end":{"line":176,"column":9}},"line":170},"20":{"name":"(anonymous_20)","decl":{"start":{"line":176,"column":11},"end":{"line":176,"column":12}},"loc":{"start":{"line":176,"column":27},"end":{"line":180,"column":9}},"line":176},"21":{"name":"enqueue","decl":{"start":{"line":186,"column":13},"end":{"line":186,"column":20}},"loc":{"start":{"line":186,"column":34},"end":{"line":212,"column":5}},"line":186},"22":{"name":"callInvokeWithMethodAndArg","decl":{"start":{"line":187,"column":15},"end":{"line":187,"column":41}},"loc":{"start":{"line":187,"column":44},"end":{"line":191,"column":7}},"line":187},"23":{"name":"(anonymous_23)","decl":{"start":{"line":188,"column":31},"end":{"line":188,"column":32}},"loc":{"start":{"line":188,"column":57},"end":{"line":190,"column":9}},"line":188},"24":{"name":"(anonymous_24)","decl":{"start":{"line":220,"column":49},"end":{"line":220,"column":50}},"loc":{"start":{"line":220,"column":61},"end":{"line":222,"column":3}},"line":220},"25":{"name":"(anonymous_25)","decl":{"start":{"line":228,"column":18},"end":{"line":228,"column":19}},"loc":{"start":{"line":228,"column":77},"end":{"line":241,"column":3}},"line":228},"26":{"name":"(anonymous_26)","decl":{"start":{"line":238,"column":25},"end":{"line":238,"column":26}},"loc":{"start":{"line":238,"column":42},"end":{"line":240,"column":9}},"line":238},"27":{"name":"makeInvokeMethod","decl":{"start":{"line":243,"column":11},"end":{"line":243,"column":27}},"loc":{"start":{"line":243,"column":52},"end":{"line":319,"column":3}},"line":243},"28":{"name":"invoke","decl":{"start":{"line":246,"column":20},"end":{"line":246,"column":26}},"loc":{"start":{"line":246,"column":40},"end":{"line":318,"column":5}},"line":246},"29":{"name":"maybeInvokeDelegate","decl":{"start":{"line":325,"column":11},"end":{"line":325,"column":30}},"loc":{"start":{"line":325,"column":50},"end":{"line":402,"column":3}},"line":325},"30":{"name":"(anonymous_30)","decl":{"start":{"line":415,"column":23},"end":{"line":415,"column":24}},"loc":{"start":{"line":415,"column":34},"end":{"line":417,"column":3}},"line":415},"31":{"name":"(anonymous_31)","decl":{"start":{"line":419,"column":16},"end":{"line":419,"column":17}},"loc":{"start":{"line":419,"column":27},"end":{"line":421,"column":3}},"line":419},"32":{"name":"pushTryEntry","decl":{"start":{"line":423,"column":11},"end":{"line":423,"column":23}},"loc":{"start":{"line":423,"column":30},"end":{"line":436,"column":3}},"line":423},"33":{"name":"resetTryEntry","decl":{"start":{"line":438,"column":11},"end":{"line":438,"column":24}},"loc":{"start":{"line":438,"column":32},"end":{"line":443,"column":3}},"line":438},"34":{"name":"Context","decl":{"start":{"line":445,"column":11},"end":{"line":445,"column":18}},"loc":{"start":{"line":445,"column":32},"end":{"line":452,"column":3}},"line":445},"35":{"name":"(anonymous_35)","decl":{"start":{"line":454,"column":17},"end":{"line":454,"column":18}},"loc":{"start":{"line":454,"column":34},"end":{"line":479,"column":3}},"line":454},"36":{"name":"next","decl":{"start":{"line":463,"column":20},"end":{"line":463,"column":24}},"loc":{"start":{"line":463,"column":27},"end":{"line":478,"column":5}},"line":463},"37":{"name":"values","decl":{"start":{"line":481,"column":11},"end":{"line":481,"column":17}},"loc":{"start":{"line":481,"column":28},"end":{"line":514,"column":3}},"line":481},"38":{"name":"next","decl":{"start":{"line":493,"column":36},"end":{"line":493,"column":40}},"loc":{"start":{"line":493,"column":43},"end":{"line":506,"column":9}},"line":493},"39":{"name":"doneResult","decl":{"start":{"line":517,"column":11},"end":{"line":517,"column":21}},"loc":{"start":{"line":517,"column":24},"end":{"line":519,"column":3}},"line":517},"40":{"name":"(anonymous_40)","decl":{"start":{"line":524,"column":11},"end":{"line":524,"column":12}},"loc":{"start":{"line":524,"column":35},"end":{"line":548,"column":5}},"line":524},"41":{"name":"(anonymous_41)","decl":{"start":{"line":550,"column":10},"end":{"line":550,"column":11}},"loc":{"start":{"line":550,"column":21},"end":{"line":560,"column":5}},"line":550},"42":{"name":"(anonymous_42)","decl":{"start":{"line":562,"column":23},"end":{"line":562,"column":24}},"loc":{"start":{"line":562,"column":43},"end":{"line":620,"column":5}},"line":562},"43":{"name":"handle","decl":{"start":{"line":568,"column":15},"end":{"line":568,"column":21}},"loc":{"start":{"line":568,"column":35},"end":{"line":581,"column":7}},"line":568},"44":{"name":"(anonymous_44)","decl":{"start":{"line":622,"column":12},"end":{"line":622,"column":13}},"loc":{"start":{"line":622,"column":32},"end":{"line":654,"column":5}},"line":622},"45":{"name":"(anonymous_45)","decl":{"start":{"line":656,"column":14},"end":{"line":656,"column":15}},"loc":{"start":{"line":656,"column":41},"end":{"line":673,"column":5}},"line":656},"46":{"name":"(anonymous_46)","decl":{"start":{"line":675,"column":12},"end":{"line":675,"column":13}},"loc":{"start":{"line":675,"column":33},"end":{"line":684,"column":5}},"line":675},"47":{"name":"(anonymous_47)","decl":{"start":{"line":686,"column":13},"end":{"line":686,"column":14}},"loc":{"start":{"line":686,"column":30},"end":{"line":702,"column":5}},"line":686},"48":{"name":"(anonymous_48)","decl":{"start":{"line":704,"column":19},"end":{"line":704,"column":20}},"loc":{"start":{"line":704,"column":59},"end":{"line":718,"column":5}},"line":704}},"branchMap":{"0":{"loc":{"start":{"line":14,"column":16},"end":{"line":14,"column":58}},"type":"cond-expr","locations":[{"start":{"line":14,"column":47},"end":{"line":14,"column":53}},{"start":{"line":14,"column":56},"end":{"line":14,"column":58}}],"line":14},"1":{"loc":{"start":{"line":15,"column":23},"end":{"line":15,"column":55}},"type":"binary-expr","locations":[{"start":{"line":15,"column":23},"end":{"line":15,"column":39}},{"start":{"line":15,"column":43},"end":{"line":15,"column":55}}],"line":15},"2":{"loc":{"start":{"line":16,"column":28},"end":{"line":16,"column":70}},"type":"binary-expr","locations":[{"start":{"line":16,"column":28},"end":{"line":16,"column":49}},{"start":{"line":16,"column":53},"end":{"line":16,"column":70}}],"line":16},"3":{"loc":{"start":{"line":17,"column":26},"end":{"line":17,"column":64}},"type":"binary-expr","locations":[{"start":{"line":17,"column":26},"end":{"line":17,"column":45}},{"start":{"line":17,"column":49},"end":{"line":17,"column":64}}],"line":17},"4":{"loc":{"start":{"line":39,"column":25},"end":{"line":39,"column":96}},"type":"cond-expr","locations":[{"start":{"line":39,"column":77},"end":{"line":39,"column":84}},{"start":{"line":39,"column":87},"end":{"line":39,"column":96}}],"line":39},"5":{"loc":{"start":{"line":39,"column":25},"end":{"line":39,"column":74}},"type":"binary-expr","locations":[{"start":{"line":39,"column":25},"end":{"line":39,"column":32}},{"start":{"line":39,"column":36},"end":{"line":39,"column":74}}],"line":39},"6":{"loc":{"start":{"line":41,"column":30},"end":{"line":41,"column":47}},"type":"binary-expr","locations":[{"start":{"line":41,"column":30},"end":{"line":41,"column":41}},{"start":{"line":41,"column":45},"end":{"line":41,"column":47}}],"line":41},"7":{"loc":{"start":{"line":94,"column":32},"end":{"line":94,"column":74}},"type":"binary-expr","locations":[{"start":{"line":94,"column":32},"end":{"line":94,"column":40}},{"start":{"line":94,"column":44},"end":{"line":94,"column":74}}],"line":94},"8":{"loc":{"start":{"line":95,"column":2},"end":{"line":101,"column":3}},"type":"if","locations":[{"start":{"line":95,"column":2},"end":{"line":101,"column":3}},{"start":{"line":95,"column":2},"end":{"line":101,"column":3}}],"line":95},"9":{"loc":{"start":{"line":95,"column":6},"end":{"line":97,"column":58}},"type":"binary-expr","locations":[{"start":{"line":95,"column":6},"end":{"line":95,"column":29}},{"start":{"line":96,"column":6},"end":{"line":96,"column":36}},{"start":{"line":97,"column":6},"end":{"line":97,"column":58}}],"line":95},"10":{"loc":{"start":{"line":124,"column":15},"end":{"line":124,"column":65}},"type":"binary-expr","locations":[{"start":{"line":124,"column":15},"end":{"line":124,"column":43}},{"start":{"line":124,"column":47},"end":{"line":124,"column":65}}],"line":124},"11":{"loc":{"start":{"line":125,"column":11},"end":{"line":130,"column":13}},"type":"cond-expr","locations":[{"start":{"line":126,"column":8},"end":{"line":129,"column":63}},{"start":{"line":130,"column":8},"end":{"line":130,"column":13}}],"line":125},"12":{"loc":{"start":{"line":126,"column":8},"end":{"line":129,"column":63}},"type":"binary-expr","locations":[{"start":{"line":126,"column":8},"end":{"line":126,"column":34}},{"start":{"line":129,"column":8},"end":{"line":129,"column":63}}],"line":126},"13":{"loc":{"start":{"line":129,"column":9},"end":{"line":129,"column":38}},"type":"binary-expr","locations":[{"start":{"line":129,"column":9},"end":{"line":129,"column":25}},{"start":{"line":129,"column":29},"end":{"line":129,"column":38}}],"line":129},"14":{"loc":{"start":{"line":134,"column":4},"end":{"line":139,"column":5}},"type":"if","locations":[{"start":{"line":134,"column":4},"end":{"line":139,"column":5}},{"start":{"line":134,"column":4},"end":{"line":139,"column":5}}],"line":134},"15":{"loc":{"start":{"line":155,"column":6},"end":{"line":181,"column":7}},"type":"if","locations":[{"start":{"line":155,"column":6},"end":{"line":181,"column":7}},{"start":{"line":155,"column":6},"end":{"line":181,"column":7}}],"line":155},"16":{"loc":{"start":{"line":160,"column":8},"end":{"line":168,"column":9}},"type":"if","locations":[{"start":{"line":160,"column":8},"end":{"line":168,"column":9}},{"start":{"line":160,"column":8},"end":{"line":168,"column":9}}],"line":160},"17":{"loc":{"start":{"line":160,"column":12},"end":{"line":162,"column":41}},"type":"binary-expr","locations":[{"start":{"line":160,"column":12},"end":{"line":160,"column":17}},{"start":{"line":161,"column":12},"end":{"line":161,"column":37}},{"start":{"line":162,"column":12},"end":{"line":162,"column":41}}],"line":160},"18":{"loc":{"start":{"line":206,"column":8},"end":{"line":211,"column":40}},"type":"cond-expr","locations":[{"start":{"line":206,"column":26},"end":{"line":211,"column":9}},{"start":{"line":211,"column":12},"end":{"line":211,"column":40}}],"line":206},"19":{"loc":{"start":{"line":229,"column":4},"end":{"line":229,"column":54}},"type":"if","locations":[{"start":{"line":229,"column":4},"end":{"line":229,"column":54}},{"start":{"line":229,"column":4},"end":{"line":229,"column":54}}],"line":229},"20":{"loc":{"start":{"line":236,"column":11},"end":{"line":240,"column":10}},"type":"cond-expr","locations":[{"start":{"line":237,"column":8},"end":{"line":237,"column":12}},{"start":{"line":238,"column":8},"end":{"line":240,"column":10}}],"line":236},"21":{"loc":{"start":{"line":239,"column":17},"end":{"line":239,"column":57}},"type":"cond-expr","locations":[{"start":{"line":239,"column":31},"end":{"line":239,"column":43}},{"start":{"line":239,"column":46},"end":{"line":239,"column":57}}],"line":239},"22":{"loc":{"start":{"line":247,"column":6},"end":{"line":249,"column":7}},"type":"if","locations":[{"start":{"line":247,"column":6},"end":{"line":249,"column":7}},{"start":{"line":247,"column":6},"end":{"line":249,"column":7}}],"line":247},"23":{"loc":{"start":{"line":251,"column":6},"end":{"line":259,"column":7}},"type":"if","locations":[{"start":{"line":251,"column":6},"end":{"line":259,"column":7}},{"start":{"line":251,"column":6},"end":{"line":259,"column":7}}],"line":251},"24":{"loc":{"start":{"line":252,"column":8},"end":{"line":254,"column":9}},"type":"if","locations":[{"start":{"line":252,"column":8},"end":{"line":254,"column":9}},{"start":{"line":252,"column":8},"end":{"line":254,"column":9}}],"line":252},"25":{"loc":{"start":{"line":266,"column":8},"end":{"line":272,"column":9}},"type":"if","locations":[{"start":{"line":266,"column":8},"end":{"line":272,"column":9}},{"start":{"line":266,"column":8},"end":{"line":272,"column":9}}],"line":266},"26":{"loc":{"start":{"line":268,"column":10},"end":{"line":271,"column":11}},"type":"if","locations":[{"start":{"line":268,"column":10},"end":{"line":271,"column":11}},{"start":{"line":268,"column":10},"end":{"line":271,"column":11}}],"line":268},"27":{"loc":{"start":{"line":269,"column":12},"end":{"line":269,"column":62}},"type":"if","locations":[{"start":{"line":269,"column":12},"end":{"line":269,"column":62}},{"start":{"line":269,"column":12},"end":{"line":269,"column":62}}],"line":269},"28":{"loc":{"start":{"line":274,"column":8},"end":{"line":289,"column":9}},"type":"if","locations":[{"start":{"line":274,"column":8},"end":{"line":289,"column":9}},{"start":{"line":274,"column":8},"end":{"line":289,"column":9}}],"line":274},"29":{"loc":{"start":{"line":279,"column":15},"end":{"line":289,"column":9}},"type":"if","locations":[{"start":{"line":279,"column":15},"end":{"line":289,"column":9}},{"start":{"line":279,"column":15},"end":{"line":289,"column":9}}],"line":279},"30":{"loc":{"start":{"line":280,"column":10},"end":{"line":283,"column":11}},"type":"if","locations":[{"start":{"line":280,"column":10},"end":{"line":283,"column":11}},{"start":{"line":280,"column":10},"end":{"line":283,"column":11}}],"line":280},"31":{"loc":{"start":{"line":287,"column":15},"end":{"line":289,"column":9}},"type":"if","locations":[{"start":{"line":287,"column":15},"end":{"line":289,"column":9}},{"start":{"line":287,"column":15},"end":{"line":289,"column":9}}],"line":287},"32":{"loc":{"start":{"line":294,"column":8},"end":{"line":316,"column":9}},"type":"if","locations":[{"start":{"line":294,"column":8},"end":{"line":316,"column":9}},{"start":{"line":294,"column":8},"end":{"line":316,"column":9}}],"line":294},"33":{"loc":{"start":{"line":297,"column":18},"end":{"line":299,"column":36}},"type":"cond-expr","locations":[{"start":{"line":298,"column":14},"end":{"line":298,"column":31}},{"start":{"line":299,"column":14},"end":{"line":299,"column":36}}],"line":297},"34":{"loc":{"start":{"line":301,"column":10},"end":{"line":303,"column":11}},"type":"if","locations":[{"start":{"line":301,"column":10},"end":{"line":303,"column":11}},{"start":{"line":301,"column":10},"end":{"line":303,"column":11}}],"line":301},"35":{"loc":{"start":{"line":310,"column":15},"end":{"line":316,"column":9}},"type":"if","locations":[{"start":{"line":310,"column":15},"end":{"line":316,"column":9}},{"start":{"line":310,"column":15},"end":{"line":316,"column":9}}],"line":310},"36":{"loc":{"start":{"line":327,"column":4},"end":{"line":354,"column":5}},"type":"if","locations":[{"start":{"line":327,"column":4},"end":{"line":354,"column":5}},{"start":{"line":327,"column":4},"end":{"line":354,"column":5}}],"line":327},"37":{"loc":{"start":{"line":332,"column":6},"end":{"line":351,"column":7}},"type":"if","locations":[{"start":{"line":332,"column":6},"end":{"line":351,"column":7}},{"start":{"line":332,"column":6},"end":{"line":351,"column":7}}],"line":332},"38":{"loc":{"start":{"line":334,"column":8},"end":{"line":346,"column":9}},"type":"if","locations":[{"start":{"line":334,"column":8},"end":{"line":346,"column":9}},{"start":{"line":334,"column":8},"end":{"line":346,"column":9}}],"line":334},"39":{"loc":{"start":{"line":341,"column":10},"end":{"line":345,"column":11}},"type":"if","locations":[{"start":{"line":341,"column":10},"end":{"line":345,"column":11}},{"start":{"line":341,"column":10},"end":{"line":345,"column":11}}],"line":341},"40":{"loc":{"start":{"line":358,"column":4},"end":{"line":363,"column":5}},"type":"if","locations":[{"start":{"line":358,"column":4},"end":{"line":363,"column":5}},{"start":{"line":358,"column":4},"end":{"line":363,"column":5}}],"line":358},"41":{"loc":{"start":{"line":367,"column":4},"end":{"line":372,"column":5}},"type":"if","locations":[{"start":{"line":367,"column":4},"end":{"line":372,"column":5}},{"start":{"line":367,"column":4},"end":{"line":372,"column":5}}],"line":367},"42":{"loc":{"start":{"line":374,"column":4},"end":{"line":396,"column":5}},"type":"if","locations":[{"start":{"line":374,"column":4},"end":{"line":396,"column":5}},{"start":{"line":374,"column":4},"end":{"line":396,"column":5}}],"line":374},"43":{"loc":{"start":{"line":388,"column":6},"end":{"line":391,"column":7}},"type":"if","locations":[{"start":{"line":388,"column":6},"end":{"line":391,"column":7}},{"start":{"line":388,"column":6},"end":{"line":391,"column":7}}],"line":388},"44":{"loc":{"start":{"line":426,"column":4},"end":{"line":428,"column":5}},"type":"if","locations":[{"start":{"line":426,"column":4},"end":{"line":428,"column":5}},{"start":{"line":426,"column":4},"end":{"line":428,"column":5}}],"line":426},"45":{"loc":{"start":{"line":430,"column":4},"end":{"line":433,"column":5}},"type":"if","locations":[{"start":{"line":430,"column":4},"end":{"line":433,"column":5}},{"start":{"line":430,"column":4},"end":{"line":433,"column":5}}],"line":430},"46":{"loc":{"start":{"line":439,"column":17},"end":{"line":439,"column":39}},"type":"binary-expr","locations":[{"start":{"line":439,"column":17},"end":{"line":439,"column":33}},{"start":{"line":439,"column":37},"end":{"line":439,"column":39}}],"line":439},"47":{"loc":{"start":{"line":466,"column":8},"end":{"line":470,"column":9}},"type":"if","locations":[{"start":{"line":466,"column":8},"end":{"line":470,"column":9}},{"start":{"line":466,"column":8},"end":{"line":470,"column":9}}],"line":466},"48":{"loc":{"start":{"line":482,"column":4},"end":{"line":510,"column":5}},"type":"if","locations":[{"start":{"line":482,"column":4},"end":{"line":510,"column":5}},{"start":{"line":482,"column":4},"end":{"line":510,"column":5}}],"line":482},"49":{"loc":{"start":{"line":484,"column":6},"end":{"line":486,"column":7}},"type":"if","locations":[{"start":{"line":484,"column":6},"end":{"line":486,"column":7}},{"start":{"line":484,"column":6},"end":{"line":486,"column":7}}],"line":484},"50":{"loc":{"start":{"line":488,"column":6},"end":{"line":490,"column":7}},"type":"if","locations":[{"start":{"line":488,"column":6},"end":{"line":490,"column":7}},{"start":{"line":488,"column":6},"end":{"line":490,"column":7}}],"line":488},"51":{"loc":{"start":{"line":492,"column":6},"end":{"line":509,"column":7}},"type":"if","locations":[{"start":{"line":492,"column":6},"end":{"line":509,"column":7}},{"start":{"line":492,"column":6},"end":{"line":509,"column":7}}],"line":492},"52":{"loc":{"start":{"line":495,"column":12},"end":{"line":499,"column":13}},"type":"if","locations":[{"start":{"line":495,"column":12},"end":{"line":499,"column":13}},{"start":{"line":495,"column":12},"end":{"line":499,"column":13}}],"line":495},"53":{"loc":{"start":{"line":538,"column":6},"end":{"line":547,"column":7}},"type":"if","locations":[{"start":{"line":538,"column":6},"end":{"line":547,"column":7}},{"start":{"line":538,"column":6},"end":{"line":547,"column":7}}],"line":538},"54":{"loc":{"start":{"line":541,"column":10},"end":{"line":545,"column":11}},"type":"if","locations":[{"start":{"line":541,"column":10},"end":{"line":545,"column":11}},{"start":{"line":541,"column":10},"end":{"line":545,"column":11}}],"line":541},"55":{"loc":{"start":{"line":541,"column":14},"end":{"line":543,"column":36}},"type":"binary-expr","locations":[{"start":{"line":541,"column":14},"end":{"line":541,"column":36}},{"start":{"line":542,"column":14},"end":{"line":542,"column":37}},{"start":{"line":543,"column":14},"end":{"line":543,"column":36}}],"line":541},"56":{"loc":{"start":{"line":555,"column":6},"end":{"line":557,"column":7}},"type":"if","locations":[{"start":{"line":555,"column":6},"end":{"line":557,"column":7}},{"start":{"line":555,"column":6},"end":{"line":557,"column":7}}],"line":555},"57":{"loc":{"start":{"line":563,"column":6},"end":{"line":565,"column":7}},"type":"if","locations":[{"start":{"line":563,"column":6},"end":{"line":565,"column":7}},{"start":{"line":563,"column":6},"end":{"line":565,"column":7}}],"line":563},"58":{"loc":{"start":{"line":573,"column":8},"end":{"line":578,"column":9}},"type":"if","locations":[{"start":{"line":573,"column":8},"end":{"line":578,"column":9}},{"start":{"line":573,"column":8},"end":{"line":578,"column":9}}],"line":573},"59":{"loc":{"start":{"line":587,"column":8},"end":{"line":592,"column":9}},"type":"if","locations":[{"start":{"line":587,"column":8},"end":{"line":592,"column":9}},{"start":{"line":587,"column":8},"end":{"line":592,"column":9}}],"line":587},"60":{"loc":{"start":{"line":594,"column":8},"end":{"line":618,"column":9}},"type":"if","locations":[{"start":{"line":594,"column":8},"end":{"line":618,"column":9}},{"start":{"line":594,"column":8},"end":{"line":618,"column":9}}],"line":594},"61":{"loc":{"start":{"line":598,"column":10},"end":{"line":617,"column":11}},"type":"if","locations":[{"start":{"line":598,"column":10},"end":{"line":617,"column":11}},{"start":{"line":598,"column":10},"end":{"line":617,"column":11}}],"line":598},"62":{"loc":{"start":{"line":598,"column":14},"end":{"line":598,"column":36}},"type":"binary-expr","locations":[{"start":{"line":598,"column":14},"end":{"line":598,"column":22}},{"start":{"line":598,"column":26},"end":{"line":598,"column":36}}],"line":598},"63":{"loc":{"start":{"line":599,"column":12},"end":{"line":603,"column":13}},"type":"if","locations":[{"start":{"line":599,"column":12},"end":{"line":603,"column":13}},{"start":{"line":599,"column":12},"end":{"line":603,"column":13}}],"line":599},"64":{"loc":{"start":{"line":601,"column":19},"end":{"line":603,"column":13}},"type":"if","locations":[{"start":{"line":601,"column":19},"end":{"line":603,"column":13}},{"start":{"line":601,"column":19},"end":{"line":603,"column":13}}],"line":601},"65":{"loc":{"start":{"line":605,"column":17},"end":{"line":617,"column":11}},"type":"if","locations":[{"start":{"line":605,"column":17},"end":{"line":617,"column":11}},{"start":{"line":605,"column":17},"end":{"line":617,"column":11}}],"line":605},"66":{"loc":{"start":{"line":606,"column":12},"end":{"line":608,"column":13}},"type":"if","locations":[{"start":{"line":606,"column":12},"end":{"line":608,"column":13}},{"start":{"line":606,"column":12},"end":{"line":608,"column":13}}],"line":606},"67":{"loc":{"start":{"line":610,"column":17},"end":{"line":617,"column":11}},"type":"if","locations":[{"start":{"line":610,"column":17},"end":{"line":617,"column":11}},{"start":{"line":610,"column":17},"end":{"line":617,"column":11}}],"line":610},"68":{"loc":{"start":{"line":611,"column":12},"end":{"line":613,"column":13}},"type":"if","locations":[{"start":{"line":611,"column":12},"end":{"line":613,"column":13}},{"start":{"line":611,"column":12},"end":{"line":613,"column":13}}],"line":611},"69":{"loc":{"start":{"line":625,"column":8},"end":{"line":630,"column":9}},"type":"if","locations":[{"start":{"line":625,"column":8},"end":{"line":630,"column":9}},{"start":{"line":625,"column":8},"end":{"line":630,"column":9}}],"line":625},"70":{"loc":{"start":{"line":625,"column":12},"end":{"line":627,"column":40}},"type":"binary-expr","locations":[{"start":{"line":625,"column":12},"end":{"line":625,"column":37}},{"start":{"line":626,"column":12},"end":{"line":626,"column":44}},{"start":{"line":627,"column":12},"end":{"line":627,"column":40}}],"line":625},"71":{"loc":{"start":{"line":633,"column":6},"end":{"line":641,"column":7}},"type":"if","locations":[{"start":{"line":633,"column":6},"end":{"line":641,"column":7}},{"start":{"line":633,"column":6},"end":{"line":641,"column":7}}],"line":633},"72":{"loc":{"start":{"line":633,"column":10},"end":{"line":637,"column":40}},"type":"binary-expr","locations":[{"start":{"line":633,"column":10},"end":{"line":633,"column":22}},{"start":{"line":634,"column":11},"end":{"line":634,"column":27}},{"start":{"line":635,"column":11},"end":{"line":635,"column":30}},{"start":{"line":636,"column":10},"end":{"line":636,"column":36}},{"start":{"line":637,"column":10},"end":{"line":637,"column":40}}],"line":633},"73":{"loc":{"start":{"line":643,"column":19},"end":{"line":643,"column":62}},"type":"cond-expr","locations":[{"start":{"line":643,"column":34},"end":{"line":643,"column":57}},{"start":{"line":643,"column":60},"end":{"line":643,"column":62}}],"line":643},"74":{"loc":{"start":{"line":647,"column":6},"end":{"line":651,"column":7}},"type":"if","locations":[{"start":{"line":647,"column":6},"end":{"line":651,"column":7}},{"start":{"line":647,"column":6},"end":{"line":651,"column":7}}],"line":647},"75":{"loc":{"start":{"line":657,"column":6},"end":{"line":659,"column":7}},"type":"if","locations":[{"start":{"line":657,"column":6},"end":{"line":659,"column":7}},{"start":{"line":657,"column":6},"end":{"line":659,"column":7}}],"line":657},"76":{"loc":{"start":{"line":661,"column":6},"end":{"line":670,"column":7}},"type":"if","locations":[{"start":{"line":661,"column":6},"end":{"line":670,"column":7}},{"start":{"line":661,"column":6},"end":{"line":670,"column":7}}],"line":661},"77":{"loc":{"start":{"line":661,"column":10},"end":{"line":662,"column":36}},"type":"binary-expr","locations":[{"start":{"line":661,"column":10},"end":{"line":661,"column":33}},{"start":{"line":662,"column":10},"end":{"line":662,"column":36}}],"line":661},"78":{"loc":{"start":{"line":664,"column":13},"end":{"line":670,"column":7}},"type":"if","locations":[{"start":{"line":664,"column":13},"end":{"line":670,"column":7}},{"start":{"line":664,"column":13},"end":{"line":670,"column":7}}],"line":664},"79":{"loc":{"start":{"line":668,"column":13},"end":{"line":670,"column":7}},"type":"if","locations":[{"start":{"line":668,"column":13},"end":{"line":670,"column":7}},{"start":{"line":668,"column":13},"end":{"line":670,"column":7}}],"line":668},"80":{"loc":{"start":{"line":668,"column":17},"end":{"line":668,"column":53}},"type":"binary-expr","locations":[{"start":{"line":668,"column":17},"end":{"line":668,"column":41}},{"start":{"line":668,"column":45},"end":{"line":668,"column":53}}],"line":668},"81":{"loc":{"start":{"line":678,"column":8},"end":{"line":682,"column":9}},"type":"if","locations":[{"start":{"line":678,"column":8},"end":{"line":682,"column":9}},{"start":{"line":678,"column":8},"end":{"line":682,"column":9}}],"line":678},"82":{"loc":{"start":{"line":689,"column":8},"end":{"line":696,"column":9}},"type":"if","locations":[{"start":{"line":689,"column":8},"end":{"line":696,"column":9}},{"start":{"line":689,"column":8},"end":{"line":696,"column":9}}],"line":689},"83":{"loc":{"start":{"line":691,"column":10},"end":{"line":694,"column":11}},"type":"if","locations":[{"start":{"line":691,"column":10},"end":{"line":694,"column":11}},{"start":{"line":691,"column":10},"end":{"line":694,"column":11}}],"line":691},"84":{"loc":{"start":{"line":711,"column":6},"end":{"line":715,"column":7}},"type":"if","locations":[{"start":{"line":711,"column":6},"end":{"line":715,"column":7}},{"start":{"line":711,"column":6},"end":{"line":715,"column":7}}],"line":711},"85":{"loc":{"start":{"line":732,"column":2},"end":{"line":732,"column":50}},"type":"cond-expr","locations":[{"start":{"line":732,"column":31},"end":{"line":732,"column":45}},{"start":{"line":732,"column":48},"end":{"line":732,"column":50}}],"line":732}},"s":{"0":2,"1":2,"2":2,"3":2,"4":2,"5":2,"6":2,"7":18,"8":18,"9":2,"10":2,"11":0,"12":0,"13":1,"14":1,"15":1,"16":1,"17":1,"18":2,"19":2,"20":2,"21":0,"22":2,"23":2,"24":2,"25":2,"26":2,"27":2,"28":2,"29":0,"30":2,"31":2,"32":2,"33":2,"34":2,"35":2,"36":2,"37":2,"38":4,"39":12,"40":2,"41":2,"42":0,"43":0,"44":2,"45":1,"46":1,"47":0,"48":0,"49":1,"50":1,"51":2,"52":0,"53":0,"54":0,"55":0,"56":0,"57":0,"58":0,"59":0,"60":0,"61":0,"62":0,"63":0,"64":0,"65":0,"66":0,"67":0,"68":0,"69":0,"70":2,"71":2,"72":0,"73":2,"74":2,"75":0,"76":0,"77":0,"78":0,"79":0,"80":1,"81":1,"82":2,"83":0,"84":2,"85":0,"86":0,"87":0,"88":2,"89":2,"90":2,"91":2,"92":2,"93":0,"94":0,"95":0,"96":0,"97":0,"98":2,"99":2,"100":0,"101":0,"102":0,"103":0,"104":0,"105":0,"106":0,"107":2,"108":2,"109":2,"110":2,"111":2,"112":0,"113":2,"114":0,"115":0,"116":0,"117":0,"118":0,"119":0,"120":0,"121":0,"122":0,"123":0,"124":0,"125":0,"126":0,"127":0,"128":0,"129":0,"130":0,"131":0,"132":0,"133":0,"134":0,"135":0,"136":0,"137":0,"138":0,"139":0,"140":0,"141":0,"142":0,"143":0,"144":0,"145":0,"146":0,"147":0,"148":0,"149":0,"150":0,"151":0,"152":2,"153":2,"154":2,"155":0,"156":2,"157":0,"158":0,"159":0,"160":0,"161":0,"162":0,"163":0,"164":0,"165":1,"166":1,"167":1,"168":1,"169":1,"170":1,"171":1,"172":2,"173":0,"174":0,"175":0,"176":0,"177":0,"178":0,"179":0,"180":0,"181":0,"182":0,"183":0,"184":0,"185":0,"186":2,"187":2,"188":2,"189":2,"190":0,"191":0,"192":0,"193":0,"194":0,"195":0,"196":0,"197":0,"198":0,"199":0,"200":0,"201":0,"202":0,"203":0,"204":0,"205":2,"206":0,"207":2,"208":1,"209":1,"210":1,"211":1,"212":1,"213":1,"214":1,"215":1,"216":1,"217":0,"218":0,"219":0,"220":1,"221":1,"222":1,"223":1,"224":0,"225":1,"226":0,"227":0,"228":0,"229":0,"230":0,"231":0,"232":0,"233":0,"234":0,"235":0,"236":0,"237":0,"238":0,"239":0,"240":0,"241":0,"242":0,"243":0,"244":0,"245":0,"246":0,"247":0,"248":0,"249":0,"250":0,"251":0,"252":0,"253":0,"254":0,"255":0,"256":0,"257":0,"258":0,"259":0,"260":0,"261":0,"262":0,"263":0,"264":0,"265":0,"266":0,"267":0,"268":0,"269":0,"270":0,"271":0,"272":0,"273":0,"274":0,"275":0,"276":0,"277":0,"278":0,"279":0,"280":0,"281":0,"282":0,"283":0,"284":0,"285":0,"286":0,"287":0,"288":0,"289":0,"290":0,"291":0,"292":0,"293":0,"294":0,"295":0,"296":0,"297":0,"298":0,"299":0,"300":0,"301":0,"302":0,"303":0,"304":0,"305":2,"306":2,"307":2,"308":1},"f":{"0":2,"1":18,"2":0,"3":1,"4":2,"5":0,"6":0,"7":0,"8":0,"9":4,"10":12,"11":2,"12":0,"13":1,"14":0,"15":0,"16":0,"17":0,"18":0,"19":0,"20":0,"21":0,"22":0,"23":0,"24":0,"25":0,"26":0,"27":1,"28":2,"29":0,"30":0,"31":0,"32":0,"33":1,"34":1,"35":0,"36":0,"37":2,"38":0,"39":0,"40":1,"41":1,"42":0,"43":0,"44":0,"45":0,"46":0,"47":0,"48":0},"b":{"0":[2,0],"1":[2,0],"2":[2,0],"3":[2,0],"4":[1,0],"5":[1,1],"6":[1,1],"7":[2,2],"8":[2,0],"9":[2,2,2],"10":[0,0],"11":[0,0],"12":[0,0],"13":[0,0],"14":[1,0],"15":[0,0],"16":[0,0],"17":[0,0,0],"18":[0,0],"19":[0,0],"20":[0,0],"21":[0,0],"22":[0,2],"23":[0,2],"24":[0,0],"25":[0,2],"26":[0,0],"27":[0,0],"28":[2,0],"29":[0,0],"30":[0,0],"31":[0,0],"32":[2,0],"33":[1,1],"34":[0,2],"35":[0,0],"36":[0,0],"37":[0,0],"38":[0,0],"39":[0,0],"40":[0,0],"41":[0,0],"42":[0,0],"43":[0,0],"44":[0,0],"45":[0,0],"46":[1,1],"47":[0,0],"48":[2,0],"49":[2,0],"50":[0,0],"51":[0,0],"52":[0,0],"53":[0,1],"54":[0,0],"55":[0,0,0],"56":[0,1],"57":[0,0],"58":[0,0],"59":[0,0],"60":[0,0],"61":[0,0],"62":[0,0],"63":[0,0],"64":[0,0],"65":[0,0],"66":[0,0],"67":[0,0],"68":[0,0],"69":[0,0],"70":[0,0,0],"71":[0,0],"72":[0,0,0,0,0],"73":[0,0],"74":[0,0],"75":[0,0],"76":[0,0],"77":[0,0],"78":[0,0],"79":[0,0],"80":[0,0],"81":[0,0],"82":[0,0],"83":[0,0],"84":[0,0],"85":[2,0]},"_coverageSchema":"1a1c01bbd47fc00a2c39e90264f33305004495a9","hash":"25cbd94c1dfa28e0ae12c366ad8c7fda27413e36"}
}
