TN:
SF:src\js\Test.js
FN:2,(anonymous_0)
FN:7,(anonymous_1)
FN:10,(anonymous_2)
FN:13,(anonymous_3)
FNF:4
FNH:4
FNDA:1,(anonymous_0)
FNDA:1,(anonymous_1)
FNDA:1,(anonymous_2)
FNDA:1,(anonymous_3)
DA:3,1
DA:8,1
DA:11,1
DA:14,1
LF:4
LH:4
BRF:0
BRH:0
end_of_record
TN:
SF:src\js\film_core.js
FN:4,(anonymous_0)
FN:48,(anonymous_1)
FN:109,(anonymous_2)
FN:127,(anonymous_3)
FN:148,(anonymous_4)
FN:150,(anonymous_5)
FN:154,(anonymous_6)
FN:190,(anonymous_7)
FN:206,(anonymous_8)
FN:218,(anonymous_9)
FN:230,(anonymous_10)
FN:240,(anonymous_11)
FN:255,(anonymous_12)
FN:285,(anonymous_13)
FN:299,(anonymous_14)
FN:302,(anonymous_15)
FN:310,(anonymous_16)
FN:321,(anonymous_17)
FN:336,(anonymous_18)
FN:338,(anonymous_19)
FN:341,(anonymous_20)
FN:358,(anonymous_21)
FN:362,(anonymous_22)
FN:376,(anonymous_23)
FN:378,(anonymous_24)
FN:380,(anonymous_25)
FN:385,(anonymous_26)
FN:407,(anonymous_27)
FN:410,(anonymous_28)
FN:435,(anonymous_29)
FN:447,(anonymous_30)
FN:451,(anonymous_31)
FN:452,(anonymous_32)
FN:473,(anonymous_33)
FN:475,(anonymous_34)
FN:488,(anonymous_35)
FN:491,(anonymous_36)
FN:503,(anonymous_37)
FN:504,(anonymous_38)
FN:516,(anonymous_39)
FN:525,(anonymous_40)
FN:526,(anonymous_41)
FN:528,(anonymous_42)
FN:537,(anonymous_43)
FN:540,(anonymous_44)
FN:544,(anonymous_45)
FN:557,(anonymous_46)
FN:563,(anonymous_47)
FN:569,(anonymous_48)
FN:575,(anonymous_49)
FN:580,(anonymous_50)
FN:589,(anonymous_51)
FN:608,(anonymous_52)
FN:618,(anonymous_53)
FN:634,(anonymous_54)
FNF:55
FNH:15
FNDA:1,(anonymous_0)
FNDA:1,(anonymous_1)
FNDA:0,(anonymous_2)
FNDA:0,(anonymous_3)
FNDA:1,(anonymous_4)
FNDA:1,(anonymous_5)
FNDA:1,(anonymous_6)
FNDA:3,(anonymous_7)
FNDA:1,(anonymous_8)
FNDA:1,(anonymous_9)
FNDA:2,(anonymous_10)
FNDA:1,(anonymous_11)
FNDA:1,(anonymous_12)
FNDA:0,(anonymous_13)
FNDA:1,(anonymous_14)
FNDA:1,(anonymous_15)
FNDA:0,(anonymous_16)
FNDA:0,(anonymous_17)
FNDA:1,(anonymous_18)
FNDA:1,(anonymous_19)
FNDA:0,(anonymous_20)
FNDA:0,(anonymous_21)
FNDA:0,(anonymous_22)
FNDA:0,(anonymous_23)
FNDA:0,(anonymous_24)
FNDA:0,(anonymous_25)
FNDA:0,(anonymous_26)
FNDA:0,(anonymous_27)
FNDA:0,(anonymous_28)
FNDA:0,(anonymous_29)
FNDA:0,(anonymous_30)
FNDA:0,(anonymous_31)
FNDA:0,(anonymous_32)
FNDA:0,(anonymous_33)
FNDA:0,(anonymous_34)
FNDA:0,(anonymous_35)
FNDA:0,(anonymous_36)
FNDA:0,(anonymous_37)
FNDA:0,(anonymous_38)
FNDA:0,(anonymous_39)
FNDA:0,(anonymous_40)
FNDA:0,(anonymous_41)
FNDA:0,(anonymous_42)
FNDA:0,(anonymous_43)
FNDA:0,(anonymous_44)
FNDA:0,(anonymous_45)
FNDA:0,(anonymous_46)
FNDA:0,(anonymous_47)
FNDA:0,(anonymous_48)
FNDA:0,(anonymous_49)
FNDA:0,(anonymous_50)
FNDA:0,(anonymous_51)
FNDA:0,(anonymous_52)
FNDA:0,(anonymous_53)
FNDA:0,(anonymous_54)
DA:6,1
DA:8,1
DA:13,1
DA:36,1
DA:37,1
DA:49,1
DA:70,1
DA:72,1
DA:79,1
DA:88,1
DA:96,1
DA:97,1
DA:99,1
DA:111,0
DA:113,0
DA:117,0
DA:129,0
DA:130,0
DA:131,0
DA:135,0
DA:150,1
DA:154,1
DA:156,1
DA:158,0
DA:159,0
DA:167,1
DA:168,0
DA:169,0
DA:175,1
DA:191,3
DA:192,3
DA:193,0
DA:197,3
DA:207,1
DA:208,1
DA:219,1
DA:220,1
DA:231,2
DA:241,1
DA:242,1
DA:257,1
DA:259,1
DA:261,0
DA:269,0
DA:271,0
DA:278,0
DA:280,1
DA:287,0
DA:302,1
DA:304,1
DA:312,0
DA:313,0
DA:314,0
DA:315,0
DA:316,0
DA:318,0
DA:322,0
DA:338,1
DA:339,1
DA:340,1
DA:341,1
DA:342,0
DA:343,0
DA:344,0
DA:348,1
DA:360,0
DA:361,0
DA:362,0
DA:364,0
DA:370,0
DA:378,0
DA:380,0
DA:382,0
DA:383,0
DA:384,0
DA:385,0
DA:386,0
DA:388,0
DA:408,0
DA:409,0
DA:410,0
DA:411,0
DA:412,0
DA:421,0
DA:437,0
DA:438,0
DA:441,0
DA:443,0
DA:444,0
DA:446,0
DA:447,0
DA:448,0
DA:451,0
DA:452,0
DA:453,0
DA:458,0
DA:462,0
DA:474,0
DA:475,0
DA:476,0
DA:477,0
DA:480,0
DA:491,0
DA:492,0
DA:493,0
DA:494,0
DA:495,0
DA:496,0
DA:499,0
DA:502,0
DA:503,0
DA:504,0
DA:505,0
DA:518,0
DA:519,0
DA:521,0
DA:523,0
DA:525,0
DA:526,0
DA:527,0
DA:528,0
DA:529,0
DA:535,0
DA:536,0
DA:537,0
DA:539,0
DA:540,0
DA:542,0
DA:544,0
DA:545,0
DA:546,0
DA:547,0
DA:548,0
DA:549,0
DA:550,0
DA:551,0
DA:552,0
DA:553,0
DA:555,0
DA:557,0
DA:558,0
DA:559,0
DA:561,0
DA:563,0
DA:564,0
DA:565,0
DA:567,0
DA:569,0
DA:570,0
DA:571,0
DA:573,0
DA:575,0
DA:576,0
DA:578,0
DA:580,0
DA:581,0
DA:582,0
DA:584,0
DA:587,0
DA:589,0
DA:590,0
DA:598,0
DA:609,0
DA:620,0
DA:621,0
DA:622,0
DA:625,0
DA:626,0
DA:627,0
DA:629,0
DA:630,0
DA:633,0
DA:634,0
DA:636,0
DA:647,0
LF:175
LH:38
BRDA:48,0,0,1
BRDA:91,1,0,1
BRDA:91,1,1,0
BRDA:156,2,0,0
BRDA:156,2,1,1
BRDA:167,3,0,0
BRDA:167,3,1,1
BRDA:192,4,0,0
BRDA:192,4,1,3
BRDA:208,5,0,0
BRDA:208,5,1,1
BRDA:220,6,0,0
BRDA:220,6,1,1
BRDA:255,7,0,1
BRDA:255,8,0,1
BRDA:255,9,0,1
BRDA:255,10,0,1
BRDA:255,11,0,1
BRDA:255,12,0,1
BRDA:255,13,0,1
BRDA:255,14,0,1
BRDA:259,15,0,0
BRDA:259,15,1,1
BRDA:312,16,0,0
BRDA:312,16,1,0
BRDA:314,17,0,0
BRDA:314,17,1,0
BRDA:338,18,0,1
BRDA:338,18,1,1
BRDA:343,19,0,0
BRDA:343,19,1,0
BRDA:383,20,0,0
BRDA:383,20,1,0
BRDA:437,21,0,0
BRDA:437,21,1,0
BRDA:446,22,0,0
BRDA:446,22,1,0
BRDA:448,23,0,0
BRDA:448,23,1,0
BRDA:476,24,0,0
BRDA:476,24,1,0
BRDA:516,25,0,0
BRDA:519,26,0,0
BRDA:519,26,1,0
BRDA:523,27,0,0
BRDA:523,27,1,0
BRDA:527,28,0,0
BRDA:527,28,1,0
BRDA:542,29,0,0
BRDA:542,29,1,0
BRDA:542,29,2,0
BRDA:542,29,3,0
BRDA:542,29,4,0
BRDA:542,29,5,0
BRDA:542,29,6,0
BRDA:581,30,0,0
BRDA:581,30,1,0
BRDA:608,31,0,0
BRDA:609,32,0,0
BRDA:609,32,1,0
BRDA:621,33,0,0
BRDA:621,33,1,0
BRDA:629,34,0,0
BRDA:629,34,1,0
BRF:64
BRH:18
end_of_record
TN:
SF:src\js\index.js
FN:3,(anonymous_0)
FN:7,(anonymous_1)
FN:9,(anonymous_2)
FN:18,(anonymous_3)
FN:19,(anonymous_4)
FN:28,(anonymous_5)
FN:29,(anonymous_6)
FNF:7
FNH:7
FNDA:1,(anonymous_0)
FNDA:1,(anonymous_1)
FNDA:6,(anonymous_2)
FNDA:2,(anonymous_3)
FNDA:2,(anonymous_4)
FNDA:1,(anonymous_5)
FNDA:1,(anonymous_6)
DA:3,1
DA:4,1
DA:7,1
DA:8,1
DA:9,1
DA:10,6
DA:11,6
DA:12,1
DA:13,1
DA:18,1
DA:19,2
DA:20,2
DA:21,1
DA:23,1
DA:28,1
DA:29,1
DA:33,1
LF:17
LH:17
BRDA:11,0,0,1
BRDA:11,0,1,5
BRDA:18,1,0,1
BRDA:20,2,0,1
BRDA:20,2,1,1
BRF:5
BRH:5
end_of_record
TN:
SF:src\libs\runtime.js
FN:8,(anonymous_0)
FN:19,define
FN:32,(anonymous_2)
FN:37,wrap
FN:61,tryCatch
FN:82,Generator
FN:83,GeneratorFunction
FN:84,GeneratorFunctionPrototype
FN:89,(anonymous_8)
FN:115,defineIteratorMethods
FN:116,(anonymous_10)
FN:117,(anonymous_11)
FN:123,(anonymous_12)
FN:133,(anonymous_13)
FN:148,(anonymous_14)
FN:152,AsyncIterator
FN:153,invoke
FN:163,(anonymous_17)
FN:165,(anonymous_18)
FN:170,(anonymous_19)
FN:176,(anonymous_20)
FN:186,enqueue
FN:187,callInvokeWithMethodAndArg
FN:188,(anonymous_23)
FN:220,(anonymous_24)
FN:228,(anonymous_25)
FN:238,(anonymous_26)
FN:243,makeInvokeMethod
FN:246,invoke
FN:325,maybeInvokeDelegate
FN:415,(anonymous_30)
FN:419,(anonymous_31)
FN:423,pushTryEntry
FN:438,resetTryEntry
FN:445,Context
FN:454,(anonymous_35)
FN:463,next
FN:481,values
FN:493,next
FN:517,doneResult
FN:524,(anonymous_40)
FN:550,(anonymous_41)
FN:562,(anonymous_42)
FN:568,handle
FN:622,(anonymous_44)
FN:656,(anonymous_45)
FN:675,(anonymous_46)
FN:686,(anonymous_47)
FN:704,(anonymous_48)
FNF:49
FNH:15
FNDA:2,(anonymous_0)
FNDA:18,define
FNDA:0,(anonymous_2)
FNDA:1,wrap
FNDA:2,tryCatch
FNDA:0,Generator
FNDA:0,GeneratorFunction
FNDA:0,GeneratorFunctionPrototype
FNDA:0,(anonymous_8)
FNDA:4,defineIteratorMethods
FNDA:12,(anonymous_10)
FNDA:2,(anonymous_11)
FNDA:0,(anonymous_12)
FNDA:1,(anonymous_13)
FNDA:0,(anonymous_14)
FNDA:0,AsyncIterator
FNDA:0,invoke
FNDA:0,(anonymous_17)
FNDA:0,(anonymous_18)
FNDA:0,(anonymous_19)
FNDA:0,(anonymous_20)
FNDA:0,enqueue
FNDA:0,callInvokeWithMethodAndArg
FNDA:0,(anonymous_23)
FNDA:0,(anonymous_24)
FNDA:0,(anonymous_25)
FNDA:0,(anonymous_26)
FNDA:1,makeInvokeMethod
FNDA:2,invoke
FNDA:0,maybeInvokeDelegate
FNDA:0,(anonymous_30)
FNDA:0,(anonymous_31)
FNDA:0,pushTryEntry
FNDA:1,resetTryEntry
FNDA:1,Context
FNDA:0,(anonymous_35)
FNDA:0,next
FNDA:2,values
FNDA:0,next
FNDA:0,doneResult
FNDA:1,(anonymous_40)
FNDA:1,(anonymous_41)
FNDA:0,(anonymous_42)
FNDA:0,handle
FNDA:0,(anonymous_44)
FNDA:0,(anonymous_45)
FNDA:0,(anonymous_46)
FNDA:0,(anonymous_47)
FNDA:0,(anonymous_48)
DA:8,2
DA:11,2
DA:12,2
DA:14,2
DA:15,2
DA:16,2
DA:17,2
DA:20,18
DA:26,18
DA:28,2
DA:30,2
DA:32,0
DA:33,0
DA:39,1
DA:40,1
DA:41,1
DA:45,1
DA:47,1
DA:49,2
DA:62,2
DA:63,2
DA:65,0
DA:69,2
DA:70,2
DA:71,2
DA:72,2
DA:76,2
DA:88,2
DA:89,2
DA:90,0
DA:93,2
DA:94,2
DA:95,2
DA:100,2
DA:103,2
DA:105,2
DA:106,2
DA:107,2
DA:116,4
DA:117,12
DA:118,2
DA:123,2
DA:124,0
DA:125,0
DA:133,2
DA:134,1
DA:135,1
DA:137,0
DA:138,0
DA:140,1
DA:141,1
DA:148,2
DA:149,0
DA:154,0
DA:155,0
DA:156,0
DA:158,0
DA:159,0
DA:160,0
DA:163,0
DA:164,0
DA:166,0
DA:170,0
DA:174,0
DA:175,0
DA:179,0
DA:188,0
DA:189,0
DA:193,0
DA:216,0
DA:219,2
DA:220,2
DA:221,0
DA:223,2
DA:228,2
DA:229,0
DA:231,0
DA:236,0
DA:239,0
DA:244,1
DA:246,1
DA:247,2
DA:248,0
DA:251,2
DA:252,0
DA:253,0
DA:258,0
DA:261,2
DA:262,2
DA:264,2
DA:265,2
DA:266,2
DA:267,0
DA:268,0
DA:269,0
DA:270,0
DA:274,2
DA:277,2
DA:279,0
DA:280,0
DA:281,0
DA:282,0
DA:285,0
DA:287,0
DA:288,0
DA:291,2
DA:293,2
DA:294,2
DA:297,2
DA:301,2
DA:302,0
DA:305,2
DA:310,0
DA:311,0
DA:314,0
DA:315,0
DA:326,0
DA:327,0
DA:330,0
DA:332,0
DA:334,0
DA:337,0
DA:338,0
DA:339,0
DA:341,0
DA:344,0
DA:348,0
DA:349,0
DA:353,0
DA:356,0
DA:358,0
DA:359,0
DA:360,0
DA:361,0
DA:362,0
DA:365,0
DA:367,0
DA:368,0
DA:369,0
DA:370,0
DA:371,0
DA:374,0
DA:377,0
DA:380,0
DA:388,0
DA:389,0
DA:390,0
DA:395,0
DA:400,0
DA:401,0
DA:406,2
DA:408,2
DA:415,2
DA:416,0
DA:419,2
DA:420,0
DA:424,0
DA:426,0
DA:427,0
DA:430,0
DA:431,0
DA:432,0
DA:435,0
DA:439,1
DA:440,1
DA:441,1
DA:442,1
DA:449,1
DA:450,1
DA:451,1
DA:454,2
DA:455,0
DA:456,0
DA:457,0
DA:459,0
DA:463,0
DA:464,0
DA:465,0
DA:466,0
DA:467,0
DA:468,0
DA:469,0
DA:476,0
DA:477,0
DA:482,2
DA:483,2
DA:484,2
DA:485,2
DA:488,0
DA:489,0
DA:492,0
DA:493,0
DA:494,0
DA:495,0
DA:496,0
DA:497,0
DA:498,0
DA:502,0
DA:503,0
DA:505,0
DA:508,0
DA:513,0
DA:515,2
DA:518,0
DA:521,2
DA:525,1
DA:526,1
DA:529,1
DA:530,1
DA:531,1
DA:533,1
DA:534,1
DA:536,1
DA:538,1
DA:539,0
DA:541,0
DA:544,0
DA:551,1
DA:553,1
DA:554,1
DA:555,1
DA:556,0
DA:559,1
DA:563,0
DA:564,0
DA:567,0
DA:569,0
DA:570,0
DA:571,0
DA:573,0
DA:576,0
DA:577,0
DA:580,0
DA:583,0
DA:584,0
DA:585,0
DA:587,0
DA:591,0
DA:594,0
DA:595,0
DA:596,0
DA:598,0
DA:599,0
DA:600,0
DA:601,0
DA:602,0
DA:605,0
DA:606,0
DA:607,0
DA:610,0
DA:611,0
DA:612,0
DA:616,0
DA:623,0
DA:624,0
DA:625,0
DA:628,0
DA:629,0
DA:633,0
DA:640,0
DA:643,0
DA:644,0
DA:645,0
DA:647,0
DA:648,0
DA:649,0
DA:650,0
DA:653,0
DA:657,0
DA:658,0
DA:661,0
DA:663,0
DA:664,0
DA:665,0
DA:666,0
DA:667,0
DA:668,0
DA:669,0
DA:672,0
DA:676,0
DA:677,0
DA:678,0
DA:679,0
DA:680,0
DA:681,0
DA:687,0
DA:688,0
DA:689,0
DA:690,0
DA:691,0
DA:692,0
DA:693,0
DA:695,0
DA:701,0
DA:705,0
DA:711,0
DA:714,0
DA:717,0
DA:725,2
DA:735,2
DA:736,2
DA:747,1
LF:302
LH:101
BRDA:14,0,0,2
BRDA:14,0,1,0
BRDA:15,1,0,2
BRDA:15,1,1,0
BRDA:16,2,0,2
BRDA:16,2,1,0
BRDA:17,3,0,2
BRDA:17,3,1,0
BRDA:39,4,0,1
BRDA:39,4,1,0
BRDA:39,5,0,1
BRDA:39,5,1,1
BRDA:41,6,0,1
BRDA:41,6,1,1
BRDA:94,7,0,2
BRDA:94,7,1,2
BRDA:95,8,0,2
BRDA:95,8,1,0
BRDA:95,9,0,2
BRDA:95,9,1,2
BRDA:95,9,2,2
BRDA:124,10,0,0
BRDA:124,10,1,0
BRDA:125,11,0,0
BRDA:125,11,1,0
BRDA:126,12,0,0
BRDA:126,12,1,0
BRDA:129,13,0,0
BRDA:129,13,1,0
BRDA:134,14,0,1
BRDA:134,14,1,0
BRDA:155,15,0,0
BRDA:155,15,1,0
BRDA:160,16,0,0
BRDA:160,16,1,0
BRDA:160,17,0,0
BRDA:160,17,1,0
BRDA:160,17,2,0
BRDA:206,18,0,0
BRDA:206,18,1,0
BRDA:229,19,0,0
BRDA:229,19,1,0
BRDA:236,20,0,0
BRDA:236,20,1,0
BRDA:239,21,0,0
BRDA:239,21,1,0
BRDA:247,22,0,0
BRDA:247,22,1,2
BRDA:251,23,0,0
BRDA:251,23,1,2
BRDA:252,24,0,0
BRDA:252,24,1,0
BRDA:266,25,0,0
BRDA:266,25,1,2
BRDA:268,26,0,0
BRDA:268,26,1,0
BRDA:269,27,0,0
BRDA:269,27,1,0
BRDA:274,28,0,2
BRDA:274,28,1,0
BRDA:279,29,0,0
BRDA:279,29,1,0
BRDA:280,30,0,0
BRDA:280,30,1,0
BRDA:287,31,0,0
BRDA:287,31,1,0
BRDA:294,32,0,2
BRDA:294,32,1,0
BRDA:297,33,0,1
BRDA:297,33,1,1
BRDA:301,34,0,0
BRDA:301,34,1,2
BRDA:310,35,0,0
BRDA:310,35,1,0
BRDA:327,36,0,0
BRDA:327,36,1,0
BRDA:332,37,0,0
BRDA:332,37,1,0
BRDA:334,38,0,0
BRDA:334,38,1,0
BRDA:341,39,0,0
BRDA:341,39,1,0
BRDA:358,40,0,0
BRDA:358,40,1,0
BRDA:367,41,0,0
BRDA:367,41,1,0
BRDA:374,42,0,0
BRDA:374,42,1,0
BRDA:388,43,0,0
BRDA:388,43,1,0
BRDA:426,44,0,0
BRDA:426,44,1,0
BRDA:430,45,0,0
BRDA:430,45,1,0
BRDA:439,46,0,1
BRDA:439,46,1,1
BRDA:466,47,0,0
BRDA:466,47,1,0
BRDA:482,48,0,2
BRDA:482,48,1,0
BRDA:484,49,0,2
BRDA:484,49,1,0
BRDA:488,50,0,0
BRDA:488,50,1,0
BRDA:492,51,0,0
BRDA:492,51,1,0
BRDA:495,52,0,0
BRDA:495,52,1,0
BRDA:538,53,0,0
BRDA:538,53,1,1
BRDA:541,54,0,0
BRDA:541,54,1,0
BRDA:541,55,0,0
BRDA:541,55,1,0
BRDA:541,55,2,0
BRDA:555,56,0,0
BRDA:555,56,1,1
BRDA:563,57,0,0
BRDA:563,57,1,0
BRDA:573,58,0,0
BRDA:573,58,1,0
BRDA:587,59,0,0
BRDA:587,59,1,0
BRDA:594,60,0,0
BRDA:594,60,1,0
BRDA:598,61,0,0
BRDA:598,61,1,0
BRDA:598,62,0,0
BRDA:598,62,1,0
BRDA:599,63,0,0
BRDA:599,63,1,0
BRDA:601,64,0,0
BRDA:601,64,1,0
BRDA:605,65,0,0
BRDA:605,65,1,0
BRDA:606,66,0,0
BRDA:606,66,1,0
BRDA:610,67,0,0
BRDA:610,67,1,0
BRDA:611,68,0,0
BRDA:611,68,1,0
BRDA:625,69,0,0
BRDA:625,69,1,0
BRDA:625,70,0,0
BRDA:625,70,1,0
BRDA:625,70,2,0
BRDA:633,71,0,0
BRDA:633,71,1,0
BRDA:633,72,0,0
BRDA:633,72,1,0
BRDA:633,72,2,0
BRDA:633,72,3,0
BRDA:633,72,4,0
BRDA:643,73,0,0
BRDA:643,73,1,0
BRDA:647,74,0,0
BRDA:647,74,1,0
BRDA:657,75,0,0
BRDA:657,75,1,0
BRDA:661,76,0,0
BRDA:661,76,1,0
BRDA:661,77,0,0
BRDA:661,77,1,0
BRDA:664,78,0,0
BRDA:664,78,1,0
BRDA:668,79,0,0
BRDA:668,79,1,0
BRDA:668,80,0,0
BRDA:668,80,1,0
BRDA:678,81,0,0
BRDA:678,81,1,0
BRDA:689,82,0,0
BRDA:689,82,1,0
BRDA:691,83,0,0
BRDA:691,83,1,0
BRDA:711,84,0,0
BRDA:711,84,1,0
BRDA:732,85,0,2
BRDA:732,85,1,0
BRF:179
BRH:31
end_of_record
